{"/Users/justus/IdeaProjects/cs4218-2420-ecom-project-team22/controllers/authController.js": {"path":"/Users/justus/IdeaProjects/cs4218-2420-ecom-project-team22/controllers/authController.js","statementMap":{"0":{"start":{"line":7,"column":34},"end":{"line":81,"column":1}},"1":{"start":{"line":8,"column":2},"end":{"line":80,"column":3}},"2":{"start":{"line":9,"column":62},"end":{"line":9,"column":70}},"3":{"start":{"line":11,"column":4},"end":{"line":13,"column":5}},"4":{"start":{"line":12,"column":6},"end":{"line":12,"column":53}},"5":{"start":{"line":14,"column":4},"end":{"line":16,"column":5}},"6":{"start":{"line":15,"column":6},"end":{"line":15,"column":56}},"7":{"start":{"line":17,"column":4},"end":{"line":19,"column":5}},"8":{"start":{"line":18,"column":6},"end":{"line":18,"column":59}},"9":{"start":{"line":20,"column":4},"end":{"line":22,"column":5}},"10":{"start":{"line":21,"column":6},"end":{"line":21,"column":59}},"11":{"start":{"line":23,"column":4},"end":{"line":25,"column":5}},"12":{"start":{"line":24,"column":6},"end":{"line":24,"column":58}},"13":{"start":{"line":26,"column":4},"end":{"line":28,"column":5}},"14":{"start":{"line":27,"column":6},"end":{"line":27,"column":57}},"15":{"start":{"line":30,"column":23},"end":{"line":30,"column":51}},"16":{"start":{"line":32,"column":4},"end":{"line":37,"column":5}},"17":{"start":{"line":33,"column":6},"end":{"line":36,"column":9}},"18":{"start":{"line":39,"column":23},"end":{"line":39,"column":43}},"19":{"start":{"line":40,"column":4},"end":{"line":45,"column":5}},"20":{"start":{"line":41,"column":6},"end":{"line":44,"column":9}},"21":{"start":{"line":48,"column":26},"end":{"line":48,"column":60}},"22":{"start":{"line":50,"column":4},"end":{"line":55,"column":5}},"23":{"start":{"line":51,"column":6},"end":{"line":54,"column":9}},"24":{"start":{"line":57,"column":27},"end":{"line":57,"column":55}},"25":{"start":{"line":59,"column":17},"end":{"line":66,"column":13}},"26":{"start":{"line":68,"column":4},"end":{"line":72,"column":7}},"27":{"start":{"line":74,"column":4},"end":{"line":74,"column":23}},"28":{"start":{"line":75,"column":4},"end":{"line":79,"column":7}},"29":{"start":{"line":84,"column":31},"end":{"line":143,"column":1}},"30":{"start":{"line":85,"column":2},"end":{"line":142,"column":3}},"31":{"start":{"line":86,"column":32},"end":{"line":86,"column":40}},"32":{"start":{"line":87,"column":23},"end":{"line":87,"column":51}},"33":{"start":{"line":89,"column":4},"end":{"line":94,"column":5}},"34":{"start":{"line":90,"column":6},"end":{"line":93,"column":9}},"35":{"start":{"line":97,"column":4},"end":{"line":102,"column":5}},"36":{"start":{"line":98,"column":6},"end":{"line":101,"column":9}},"37":{"start":{"line":104,"column":17},"end":{"line":104,"column":51}},"38":{"start":{"line":105,"column":4},"end":{"line":110,"column":5}},"39":{"start":{"line":106,"column":6},"end":{"line":109,"column":9}},"40":{"start":{"line":111,"column":18},"end":{"line":111,"column":64}},"41":{"start":{"line":112,"column":4},"end":{"line":117,"column":5}},"42":{"start":{"line":113,"column":6},"end":{"line":116,"column":9}},"43":{"start":{"line":119,"column":18},"end":{"line":121,"column":6}},"44":{"start":{"line":122,"column":4},"end":{"line":134,"column":7}},"45":{"start":{"line":136,"column":4},"end":{"line":136,"column":23}},"46":{"start":{"line":137,"column":4},"end":{"line":141,"column":7}},"47":{"start":{"line":147,"column":40},"end":{"line":188,"column":1}},"48":{"start":{"line":148,"column":2},"end":{"line":187,"column":3}},"49":{"start":{"line":149,"column":43},"end":{"line":149,"column":51}},"50":{"start":{"line":150,"column":4},"end":{"line":152,"column":5}},"51":{"start":{"line":151,"column":6},"end":{"line":151,"column":61}},"52":{"start":{"line":153,"column":4},"end":{"line":155,"column":5}},"53":{"start":{"line":154,"column":6},"end":{"line":154,"column":62}},"54":{"start":{"line":156,"column":4},"end":{"line":158,"column":5}},"55":{"start":{"line":157,"column":6},"end":{"line":157,"column":68}},"56":{"start":{"line":160,"column":17},"end":{"line":160,"column":59}},"57":{"start":{"line":162,"column":4},"end":{"line":167,"column":5}},"58":{"start":{"line":163,"column":6},"end":{"line":166,"column":9}},"59":{"start":{"line":168,"column":19},"end":{"line":168,"column":50}},"60":{"start":{"line":169,"column":4},"end":{"line":174,"column":5}},"61":{"start":{"line":170,"column":6},"end":{"line":173,"column":9}},"62":{"start":{"line":175,"column":4},"end":{"line":175,"column":70}},"63":{"start":{"line":176,"column":4},"end":{"line":179,"column":7}},"64":{"start":{"line":181,"column":4},"end":{"line":181,"column":23}},"65":{"start":{"line":182,"column":4},"end":{"line":186,"column":7}},"66":{"start":{"line":191,"column":30},"end":{"line":198,"column":1}},"67":{"start":{"line":192,"column":2},"end":{"line":197,"column":3}},"68":{"start":{"line":193,"column":4},"end":{"line":193,"column":33}},"69":{"start":{"line":195,"column":4},"end":{"line":195,"column":23}},"70":{"start":{"line":196,"column":4},"end":{"line":196,"column":24}},"71":{"start":{"line":201,"column":39},"end":{"line":233,"column":1}},"72":{"start":{"line":202,"column":2},"end":{"line":232,"column":3}},"73":{"start":{"line":203,"column":54},"end":{"line":203,"column":62}},"74":{"start":{"line":204,"column":17},"end":{"line":204,"column":55}},"75":{"start":{"line":206,"column":4},"end":{"line":208,"column":5}},"76":{"start":{"line":207,"column":6},"end":{"line":207,"column":79}},"77":{"start":{"line":209,"column":27},"end":{"line":209,"column":78}},"78":{"start":{"line":210,"column":24},"end":{"line":219,"column":5}},"79":{"start":{"line":220,"column":4},"end":{"line":224,"column":7}},"80":{"start":{"line":226,"column":4},"end":{"line":226,"column":23}},"81":{"start":{"line":227,"column":4},"end":{"line":231,"column":7}},"82":{"start":{"line":236,"column":35},"end":{"line":251,"column":1}},"83":{"start":{"line":237,"column":2},"end":{"line":250,"column":3}},"84":{"start":{"line":238,"column":19},"end":{"line":241,"column":32}},"85":{"start":{"line":242,"column":4},"end":{"line":242,"column":21}},"86":{"start":{"line":244,"column":4},"end":{"line":244,"column":23}},"87":{"start":{"line":245,"column":4},"end":{"line":249,"column":7}},"88":{"start":{"line":253,"column":38},"end":{"line":269,"column":1}},"89":{"start":{"line":254,"column":2},"end":{"line":268,"column":3}},"90":{"start":{"line":255,"column":19},"end":{"line":259,"column":32}},"91":{"start":{"line":260,"column":4},"end":{"line":260,"column":21}},"92":{"start":{"line":262,"column":4},"end":{"line":262,"column":23}},"93":{"start":{"line":263,"column":4},"end":{"line":267,"column":7}},"94":{"start":{"line":272,"column":37},"end":{"line":286,"column":1}},"95":{"start":{"line":273,"column":2},"end":{"line":285,"column":3}},"96":{"start":{"line":274,"column":24},"end":{"line":274,"column":34}},"97":{"start":{"line":275,"column":23},"end":{"line":275,"column":31}},"98":{"start":{"line":276,"column":19},"end":{"line":276,"column":89}},"99":{"start":{"line":277,"column":4},"end":{"line":277,"column":21}},"100":{"start":{"line":279,"column":4},"end":{"line":279,"column":23}},"101":{"start":{"line":280,"column":4},"end":{"line":284,"column":7}}},"fnMap":{"0":{"name":"(anonymous_0)","decl":{"start":{"line":7,"column":34},"end":{"line":7,"column":35}},"loc":{"start":{"line":7,"column":54},"end":{"line":81,"column":1}},"line":7},"1":{"name":"(anonymous_1)","decl":{"start":{"line":84,"column":31},"end":{"line":84,"column":32}},"loc":{"start":{"line":84,"column":51},"end":{"line":143,"column":1}},"line":84},"2":{"name":"(anonymous_2)","decl":{"start":{"line":147,"column":40},"end":{"line":147,"column":41}},"loc":{"start":{"line":147,"column":60},"end":{"line":188,"column":1}},"line":147},"3":{"name":"(anonymous_3)","decl":{"start":{"line":191,"column":30},"end":{"line":191,"column":31}},"loc":{"start":{"line":191,"column":44},"end":{"line":198,"column":1}},"line":191},"4":{"name":"(anonymous_4)","decl":{"start":{"line":201,"column":39},"end":{"line":201,"column":40}},"loc":{"start":{"line":201,"column":59},"end":{"line":233,"column":1}},"line":201},"5":{"name":"(anonymous_5)","decl":{"start":{"line":236,"column":35},"end":{"line":236,"column":36}},"loc":{"start":{"line":236,"column":55},"end":{"line":251,"column":1}},"line":236},"6":{"name":"(anonymous_6)","decl":{"start":{"line":253,"column":38},"end":{"line":253,"column":39}},"loc":{"start":{"line":253,"column":58},"end":{"line":269,"column":1}},"line":253},"7":{"name":"(anonymous_7)","decl":{"start":{"line":272,"column":37},"end":{"line":272,"column":38}},"loc":{"start":{"line":272,"column":57},"end":{"line":286,"column":1}},"line":272}},"branchMap":{"0":{"loc":{"start":{"line":11,"column":4},"end":{"line":13,"column":5}},"type":"if","locations":[{"start":{"line":11,"column":4},"end":{"line":13,"column":5}},{"start":{},"end":{}}],"line":11},"1":{"loc":{"start":{"line":14,"column":4},"end":{"line":16,"column":5}},"type":"if","locations":[{"start":{"line":14,"column":4},"end":{"line":16,"column":5}},{"start":{},"end":{}}],"line":14},"2":{"loc":{"start":{"line":17,"column":4},"end":{"line":19,"column":5}},"type":"if","locations":[{"start":{"line":17,"column":4},"end":{"line":19,"column":5}},{"start":{},"end":{}}],"line":17},"3":{"loc":{"start":{"line":20,"column":4},"end":{"line":22,"column":5}},"type":"if","locations":[{"start":{"line":20,"column":4},"end":{"line":22,"column":5}},{"start":{},"end":{}}],"line":20},"4":{"loc":{"start":{"line":23,"column":4},"end":{"line":25,"column":5}},"type":"if","locations":[{"start":{"line":23,"column":4},"end":{"line":25,"column":5}},{"start":{},"end":{}}],"line":23},"5":{"loc":{"start":{"line":26,"column":4},"end":{"line":28,"column":5}},"type":"if","locations":[{"start":{"line":26,"column":4},"end":{"line":28,"column":5}},{"start":{},"end":{}}],"line":26},"6":{"loc":{"start":{"line":32,"column":4},"end":{"line":37,"column":5}},"type":"if","locations":[{"start":{"line":32,"column":4},"end":{"line":37,"column":5}},{"start":{},"end":{}}],"line":32},"7":{"loc":{"start":{"line":40,"column":4},"end":{"line":45,"column":5}},"type":"if","locations":[{"start":{"line":40,"column":4},"end":{"line":45,"column":5}},{"start":{},"end":{}}],"line":40},"8":{"loc":{"start":{"line":50,"column":4},"end":{"line":55,"column":5}},"type":"if","locations":[{"start":{"line":50,"column":4},"end":{"line":55,"column":5}},{"start":{},"end":{}}],"line":50},"9":{"loc":{"start":{"line":89,"column":4},"end":{"line":94,"column":5}},"type":"if","locations":[{"start":{"line":89,"column":4},"end":{"line":94,"column":5}},{"start":{},"end":{}}],"line":89},"10":{"loc":{"start":{"line":97,"column":4},"end":{"line":102,"column":5}},"type":"if","locations":[{"start":{"line":97,"column":4},"end":{"line":102,"column":5}},{"start":{},"end":{}}],"line":97},"11":{"loc":{"start":{"line":105,"column":4},"end":{"line":110,"column":5}},"type":"if","locations":[{"start":{"line":105,"column":4},"end":{"line":110,"column":5}},{"start":{},"end":{}}],"line":105},"12":{"loc":{"start":{"line":112,"column":4},"end":{"line":117,"column":5}},"type":"if","locations":[{"start":{"line":112,"column":4},"end":{"line":117,"column":5}},{"start":{},"end":{}}],"line":112},"13":{"loc":{"start":{"line":150,"column":4},"end":{"line":152,"column":5}},"type":"if","locations":[{"start":{"line":150,"column":4},"end":{"line":152,"column":5}},{"start":{},"end":{}}],"line":150},"14":{"loc":{"start":{"line":153,"column":4},"end":{"line":155,"column":5}},"type":"if","locations":[{"start":{"line":153,"column":4},"end":{"line":155,"column":5}},{"start":{},"end":{}}],"line":153},"15":{"loc":{"start":{"line":156,"column":4},"end":{"line":158,"column":5}},"type":"if","locations":[{"start":{"line":156,"column":4},"end":{"line":158,"column":5}},{"start":{},"end":{}}],"line":156},"16":{"loc":{"start":{"line":162,"column":4},"end":{"line":167,"column":5}},"type":"if","locations":[{"start":{"line":162,"column":4},"end":{"line":167,"column":5}},{"start":{},"end":{}}],"line":162},"17":{"loc":{"start":{"line":169,"column":4},"end":{"line":174,"column":5}},"type":"if","locations":[{"start":{"line":169,"column":4},"end":{"line":174,"column":5}},{"start":{},"end":{}}],"line":169},"18":{"loc":{"start":{"line":206,"column":4},"end":{"line":208,"column":5}},"type":"if","locations":[{"start":{"line":206,"column":4},"end":{"line":208,"column":5}},{"start":{},"end":{}}],"line":206},"19":{"loc":{"start":{"line":206,"column":8},"end":{"line":206,"column":39}},"type":"binary-expr","locations":[{"start":{"line":206,"column":8},"end":{"line":206,"column":16}},{"start":{"line":206,"column":20},"end":{"line":206,"column":39}}],"line":206},"20":{"loc":{"start":{"line":209,"column":27},"end":{"line":209,"column":78}},"type":"cond-expr","locations":[{"start":{"line":209,"column":38},"end":{"line":209,"column":66}},{"start":{"line":209,"column":69},"end":{"line":209,"column":78}}],"line":209},"21":{"loc":{"start":{"line":213,"column":14},"end":{"line":213,"column":31}},"type":"binary-expr","locations":[{"start":{"line":213,"column":14},"end":{"line":213,"column":18}},{"start":{"line":213,"column":22},"end":{"line":213,"column":31}}],"line":213},"22":{"loc":{"start":{"line":214,"column":18},"end":{"line":214,"column":49}},"type":"binary-expr","locations":[{"start":{"line":214,"column":18},"end":{"line":214,"column":32}},{"start":{"line":214,"column":36},"end":{"line":214,"column":49}}],"line":214},"23":{"loc":{"start":{"line":215,"column":15},"end":{"line":215,"column":34}},"type":"binary-expr","locations":[{"start":{"line":215,"column":15},"end":{"line":215,"column":20}},{"start":{"line":215,"column":24},"end":{"line":215,"column":34}}],"line":215},"24":{"loc":{"start":{"line":216,"column":17},"end":{"line":216,"column":40}},"type":"binary-expr","locations":[{"start":{"line":216,"column":17},"end":{"line":216,"column":24}},{"start":{"line":216,"column":28},"end":{"line":216,"column":40}}],"line":216}},"s":{"0":1,"1":4,"2":4,"3":4,"4":0,"5":4,"6":0,"7":4,"8":0,"9":4,"10":0,"11":4,"12":0,"13":4,"14":0,"15":4,"16":4,"17":1,"18":3,"19":3,"20":1,"21":2,"22":2,"23":1,"24":1,"25":1,"26":1,"27":0,"28":0,"29":1,"30":6,"31":6,"32":6,"33":6,"34":2,"35":4,"36":1,"37":3,"38":3,"39":1,"40":2,"41":2,"42":1,"43":1,"44":1,"45":0,"46":0,"47":1,"48":9,"49":9,"50":9,"51":1,"52":9,"53":1,"54":9,"55":1,"56":9,"57":9,"58":7,"59":2,"60":2,"61":1,"62":1,"63":1,"64":0,"65":0,"66":1,"67":2,"68":2,"69":1,"70":1,"71":1,"72":0,"73":0,"74":0,"75":0,"76":0,"77":0,"78":0,"79":0,"80":0,"81":0,"82":1,"83":0,"84":0,"85":0,"86":0,"87":0,"88":1,"89":0,"90":0,"91":0,"92":0,"93":0,"94":1,"95":0,"96":0,"97":0,"98":0,"99":0,"100":0,"101":0},"f":{"0":4,"1":6,"2":9,"3":2,"4":0,"5":0,"6":0,"7":0},"b":{"0":[0,4],"1":[0,4],"2":[0,4],"3":[0,4],"4":[0,4],"5":[0,4],"6":[1,3],"7":[1,2],"8":[1,1],"9":[2,4],"10":[1,3],"11":[1,2],"12":[1,1],"13":[1,8],"14":[1,8],"15":[1,8],"16":[7,2],"17":[1,1],"18":[0,0],"19":[0,0],"20":[0,0],"21":[0,0],"22":[0,0],"23":[0,0],"24":[0,0]},"_coverageSchema":"1a1c01bbd47fc00a2c39e90264f33305004495a9","hash":"d8d7611166dbfc8737ceab50e9db03c693669ddc"}
,"/Users/justus/IdeaProjects/cs4218-2420-ecom-project-team22/controllers/categoryController.js": {"path":"/Users/justus/IdeaProjects/cs4218-2420-ecom-project-team22/controllers/categoryController.js","statementMap":{"0":{"start":{"line":3,"column":40},"end":{"line":33,"column":1}},"1":{"start":{"line":4,"column":2},"end":{"line":32,"column":3}},"2":{"start":{"line":5,"column":21},"end":{"line":5,"column":29}},"3":{"start":{"line":6,"column":4},"end":{"line":8,"column":5}},"4":{"start":{"line":7,"column":6},"end":{"line":7,"column":67}},"5":{"start":{"line":9,"column":29},"end":{"line":9,"column":66}},"6":{"start":{"line":10,"column":4},"end":{"line":15,"column":5}},"7":{"start":{"line":11,"column":6},"end":{"line":14,"column":9}},"8":{"start":{"line":16,"column":21},"end":{"line":19,"column":13}},"9":{"start":{"line":20,"column":4},"end":{"line":24,"column":7}},"10":{"start":{"line":26,"column":4},"end":{"line":26,"column":23}},"11":{"start":{"line":27,"column":4},"end":{"line":31,"column":7}},"12":{"start":{"line":36,"column":40},"end":{"line":57,"column":1}},"13":{"start":{"line":37,"column":2},"end":{"line":56,"column":3}},"14":{"start":{"line":38,"column":21},"end":{"line":38,"column":29}},"15":{"start":{"line":39,"column":19},"end":{"line":39,"column":29}},"16":{"start":{"line":40,"column":21},"end":{"line":40,"column":108}},"17":{"start":{"line":41,"column":4},"end":{"line":43,"column":5}},"18":{"start":{"line":42,"column":6},"end":{"line":42,"column":67}},"19":{"start":{"line":44,"column":4},"end":{"line":48,"column":7}},"20":{"start":{"line":50,"column":4},"end":{"line":50,"column":23}},"21":{"start":{"line":51,"column":4},"end":{"line":55,"column":7}},"22":{"start":{"line":60,"column":35},"end":{"line":76,"column":1}},"23":{"start":{"line":61,"column":2},"end":{"line":75,"column":3}},"24":{"start":{"line":62,"column":21},"end":{"line":62,"column":49}},"25":{"start":{"line":63,"column":4},"end":{"line":67,"column":7}},"26":{"start":{"line":69,"column":4},"end":{"line":69,"column":23}},"27":{"start":{"line":70,"column":4},"end":{"line":74,"column":7}},"28":{"start":{"line":79,"column":40},"end":{"line":98,"column":1}},"29":{"start":{"line":80,"column":2},"end":{"line":97,"column":3}},"30":{"start":{"line":81,"column":21},"end":{"line":81,"column":75}},"31":{"start":{"line":82,"column":4},"end":{"line":84,"column":5}},"32":{"start":{"line":83,"column":6},"end":{"line":83,"column":65}},"33":{"start":{"line":85,"column":4},"end":{"line":89,"column":7}},"34":{"start":{"line":91,"column":4},"end":{"line":91,"column":23}},"35":{"start":{"line":92,"column":4},"end":{"line":96,"column":7}},"36":{"start":{"line":101,"column":40},"end":{"line":121,"column":1}},"37":{"start":{"line":102,"column":2},"end":{"line":120,"column":3}},"38":{"start":{"line":103,"column":19},"end":{"line":103,"column":29}},"39":{"start":{"line":104,"column":21},"end":{"line":104,"column":62}},"40":{"start":{"line":105,"column":4},"end":{"line":107,"column":5}},"41":{"start":{"line":106,"column":6},"end":{"line":106,"column":67}},"42":{"start":{"line":108,"column":4},"end":{"line":112,"column":7}},"43":{"start":{"line":114,"column":4},"end":{"line":114,"column":23}},"44":{"start":{"line":115,"column":4},"end":{"line":119,"column":7}}},"fnMap":{"0":{"name":"(anonymous_0)","decl":{"start":{"line":3,"column":40},"end":{"line":3,"column":41}},"loc":{"start":{"line":3,"column":60},"end":{"line":33,"column":1}},"line":3},"1":{"name":"(anonymous_1)","decl":{"start":{"line":36,"column":40},"end":{"line":36,"column":41}},"loc":{"start":{"line":36,"column":60},"end":{"line":57,"column":1}},"line":36},"2":{"name":"(anonymous_2)","decl":{"start":{"line":60,"column":35},"end":{"line":60,"column":36}},"loc":{"start":{"line":60,"column":55},"end":{"line":76,"column":1}},"line":60},"3":{"name":"(anonymous_3)","decl":{"start":{"line":79,"column":40},"end":{"line":79,"column":41}},"loc":{"start":{"line":79,"column":60},"end":{"line":98,"column":1}},"line":79},"4":{"name":"(anonymous_4)","decl":{"start":{"line":101,"column":40},"end":{"line":101,"column":41}},"loc":{"start":{"line":101,"column":60},"end":{"line":121,"column":1}},"line":101}},"branchMap":{"0":{"loc":{"start":{"line":6,"column":4},"end":{"line":8,"column":5}},"type":"if","locations":[{"start":{"line":6,"column":4},"end":{"line":8,"column":5}},{"start":{},"end":{}}],"line":6},"1":{"loc":{"start":{"line":10,"column":4},"end":{"line":15,"column":5}},"type":"if","locations":[{"start":{"line":10,"column":4},"end":{"line":15,"column":5}},{"start":{},"end":{}}],"line":10},"2":{"loc":{"start":{"line":41,"column":4},"end":{"line":43,"column":5}},"type":"if","locations":[{"start":{"line":41,"column":4},"end":{"line":43,"column":5}},{"start":{},"end":{}}],"line":41},"3":{"loc":{"start":{"line":82,"column":4},"end":{"line":84,"column":5}},"type":"if","locations":[{"start":{"line":82,"column":4},"end":{"line":84,"column":5}},{"start":{},"end":{}}],"line":82},"4":{"loc":{"start":{"line":105,"column":4},"end":{"line":107,"column":5}},"type":"if","locations":[{"start":{"line":105,"column":4},"end":{"line":107,"column":5}},{"start":{},"end":{}}],"line":105}},"s":{"0":1,"1":6,"2":6,"3":6,"4":2,"5":4,"6":3,"7":1,"8":2,"9":1,"10":2,"11":2,"12":1,"13":2,"14":2,"15":2,"16":2,"17":2,"18":1,"19":1,"20":1,"21":1,"22":1,"23":2,"24":2,"25":1,"26":1,"27":1,"28":1,"29":3,"30":3,"31":2,"32":1,"33":1,"34":2,"35":2,"36":1,"37":2,"38":2,"39":2,"40":2,"41":1,"42":1,"43":1,"44":1},"f":{"0":6,"1":2,"2":2,"3":3,"4":2},"b":{"0":[2,4],"1":[1,2],"2":[1,1],"3":[1,1],"4":[1,1]},"_coverageSchema":"1a1c01bbd47fc00a2c39e90264f33305004495a9","hash":"2d91a8b5c449a71fefce8b34929da26de4b41d40"}
,"/Users/justus/IdeaProjects/cs4218-2420-ecom-project-team22/controllers/productController.js": {"path":"/Users/justus/IdeaProjects/cs4218-2420-ecom-project-team22/controllers/productController.js","statementMap":{"0":{"start":{"line":10,"column":0},"end":{"line":10,"column":16}},"1":{"start":{"line":13,"column":14},"end":{"line":18,"column":2}},"2":{"start":{"line":20,"column":39},"end":{"line":59,"column":1}},"3":{"start":{"line":21,"column":2},"end":{"line":58,"column":3}},"4":{"start":{"line":22,"column":71},"end":{"line":22,"column":81}},"5":{"start":{"line":23,"column":22},"end":{"line":23,"column":31}},"6":{"start":{"line":25,"column":4},"end":{"line":38,"column":5}},"7":{"start":{"line":27,"column":8},"end":{"line":27,"column":67}},"8":{"start":{"line":29,"column":8},"end":{"line":29,"column":74}},"9":{"start":{"line":31,"column":8},"end":{"line":31,"column":68}},"10":{"start":{"line":33,"column":8},"end":{"line":33,"column":71}},"11":{"start":{"line":35,"column":8},"end":{"line":35,"column":71}},"12":{"start":{"line":37,"column":8},"end":{"line":37,"column":96}},"13":{"start":{"line":40,"column":21},"end":{"line":40,"column":77}},"14":{"start":{"line":41,"column":4},"end":{"line":44,"column":5}},"15":{"start":{"line":42,"column":6},"end":{"line":42,"column":56}},"16":{"start":{"line":43,"column":6},"end":{"line":43,"column":46}},"17":{"start":{"line":45,"column":4},"end":{"line":45,"column":26}},"18":{"start":{"line":46,"column":4},"end":{"line":50,"column":7}},"19":{"start":{"line":52,"column":4},"end":{"line":52,"column":23}},"20":{"start":{"line":53,"column":4},"end":{"line":57,"column":7}},"21":{"start":{"line":62,"column":36},"end":{"line":84,"column":1}},"22":{"start":{"line":63,"column":2},"end":{"line":83,"column":3}},"23":{"start":{"line":64,"column":21},"end":{"line":69,"column":30}},"24":{"start":{"line":70,"column":4},"end":{"line":75,"column":7}},"25":{"start":{"line":77,"column":4},"end":{"line":77,"column":23}},"26":{"start":{"line":78,"column":4},"end":{"line":82,"column":7}},"27":{"start":{"line":86,"column":42},"end":{"line":102,"column":1}},"28":{"start":{"line":87,"column":2},"end":{"line":101,"column":3}},"29":{"start":{"line":88,"column":20},"end":{"line":88,"column":111}},"30":{"start":{"line":89,"column":4},"end":{"line":93,"column":7}},"31":{"start":{"line":95,"column":4},"end":{"line":95,"column":23}},"32":{"start":{"line":96,"column":4},"end":{"line":100,"column":7}},"33":{"start":{"line":105,"column":38},"end":{"line":120,"column":1}},"34":{"start":{"line":106,"column":2},"end":{"line":119,"column":3}},"35":{"start":{"line":107,"column":20},"end":{"line":107,"column":79}},"36":{"start":{"line":108,"column":4},"end":{"line":111,"column":5}},"37":{"start":{"line":109,"column":6},"end":{"line":109,"column":57}},"38":{"start":{"line":110,"column":6},"end":{"line":110,"column":54}},"39":{"start":{"line":113,"column":4},"end":{"line":113,"column":23}},"40":{"start":{"line":114,"column":4},"end":{"line":118,"column":7}},"41":{"start":{"line":123,"column":39},"end":{"line":138,"column":1}},"42":{"start":{"line":124,"column":2},"end":{"line":137,"column":3}},"43":{"start":{"line":125,"column":4},"end":{"line":125,"column":74}},"44":{"start":{"line":126,"column":4},"end":{"line":129,"column":7}},"45":{"start":{"line":131,"column":4},"end":{"line":131,"column":23}},"46":{"start":{"line":132,"column":4},"end":{"line":136,"column":7}},"47":{"start":{"line":141,"column":39},"end":{"line":184,"column":1}},"48":{"start":{"line":142,"column":2},"end":{"line":183,"column":3}},"49":{"start":{"line":143,"column":71},"end":{"line":143,"column":81}},"50":{"start":{"line":144,"column":22},"end":{"line":144,"column":31}},"51":{"start":{"line":146,"column":4},"end":{"line":159,"column":5}},"52":{"start":{"line":148,"column":8},"end":{"line":148,"column":67}},"53":{"start":{"line":150,"column":8},"end":{"line":150,"column":74}},"54":{"start":{"line":152,"column":8},"end":{"line":152,"column":68}},"55":{"start":{"line":154,"column":8},"end":{"line":154,"column":71}},"56":{"start":{"line":156,"column":8},"end":{"line":156,"column":71}},"57":{"start":{"line":158,"column":8},"end":{"line":158,"column":96}},"58":{"start":{"line":161,"column":21},"end":{"line":165,"column":5}},"59":{"start":{"line":166,"column":4},"end":{"line":169,"column":5}},"60":{"start":{"line":167,"column":6},"end":{"line":167,"column":56}},"61":{"start":{"line":168,"column":6},"end":{"line":168,"column":46}},"62":{"start":{"line":170,"column":4},"end":{"line":170,"column":26}},"63":{"start":{"line":171,"column":4},"end":{"line":175,"column":7}},"64":{"start":{"line":177,"column":4},"end":{"line":177,"column":23}},"65":{"start":{"line":178,"column":4},"end":{"line":182,"column":7}},"66":{"start":{"line":187,"column":40},"end":{"line":206,"column":1}},"67":{"start":{"line":188,"column":2},"end":{"line":205,"column":3}},"68":{"start":{"line":189,"column":31},"end":{"line":189,"column":39}},"69":{"start":{"line":190,"column":15},"end":{"line":190,"column":17}},"70":{"start":{"line":191,"column":4},"end":{"line":191,"column":52}},"71":{"start":{"line":191,"column":28},"end":{"line":191,"column":52}},"72":{"start":{"line":192,"column":4},"end":{"line":192,"column":70}},"73":{"start":{"line":192,"column":22},"end":{"line":192,"column":70}},"74":{"start":{"line":193,"column":21},"end":{"line":193,"column":50}},"75":{"start":{"line":194,"column":4},"end":{"line":197,"column":7}},"76":{"start":{"line":199,"column":4},"end":{"line":199,"column":23}},"77":{"start":{"line":200,"column":4},"end":{"line":204,"column":7}},"78":{"start":{"line":209,"column":38},"end":{"line":224,"column":1}},"79":{"start":{"line":210,"column":2},"end":{"line":223,"column":3}},"80":{"start":{"line":211,"column":18},"end":{"line":211,"column":70}},"81":{"start":{"line":212,"column":4},"end":{"line":215,"column":7}},"82":{"start":{"line":217,"column":4},"end":{"line":217,"column":23}},"83":{"start":{"line":218,"column":4},"end":{"line":222,"column":7}},"84":{"start":{"line":227,"column":37},"end":{"line":249,"column":1}},"85":{"start":{"line":228,"column":2},"end":{"line":248,"column":3}},"86":{"start":{"line":229,"column":20},"end":{"line":229,"column":21}},"87":{"start":{"line":230,"column":17},"end":{"line":230,"column":54}},"88":{"start":{"line":231,"column":21},"end":{"line":236,"column":30}},"89":{"start":{"line":237,"column":4},"end":{"line":240,"column":7}},"90":{"start":{"line":242,"column":4},"end":{"line":242,"column":23}},"91":{"start":{"line":243,"column":4},"end":{"line":247,"column":7}},"92":{"start":{"line":252,"column":39},"end":{"line":269,"column":1}},"93":{"start":{"line":253,"column":2},"end":{"line":268,"column":3}},"94":{"start":{"line":254,"column":24},"end":{"line":254,"column":34}},"95":{"start":{"line":255,"column":20},"end":{"line":259,"column":23}},"96":{"start":{"line":260,"column":4},"end":{"line":260,"column":22}},"97":{"start":{"line":262,"column":4},"end":{"line":262,"column":23}},"98":{"start":{"line":263,"column":4},"end":{"line":267,"column":7}},"99":{"start":{"line":272,"column":40},"end":{"line":295,"column":1}},"100":{"start":{"line":273,"column":2},"end":{"line":294,"column":3}},"101":{"start":{"line":274,"column":25},"end":{"line":274,"column":35}},"102":{"start":{"line":275,"column":21},"end":{"line":282,"column":27}},"103":{"start":{"line":283,"column":4},"end":{"line":286,"column":7}},"104":{"start":{"line":288,"column":4},"end":{"line":288,"column":23}},"105":{"start":{"line":289,"column":4},"end":{"line":293,"column":7}},"106":{"start":{"line":298,"column":41},"end":{"line":315,"column":1}},"107":{"start":{"line":299,"column":2},"end":{"line":314,"column":3}},"108":{"start":{"line":300,"column":21},"end":{"line":300,"column":75}},"109":{"start":{"line":301,"column":21},"end":{"line":301,"column":79}},"110":{"start":{"line":302,"column":4},"end":{"line":306,"column":7}},"111":{"start":{"line":308,"column":4},"end":{"line":308,"column":23}},"112":{"start":{"line":309,"column":4},"end":{"line":313,"column":7}},"113":{"start":{"line":319,"column":40},"end":{"line":331,"column":1}},"114":{"start":{"line":320,"column":2},"end":{"line":330,"column":3}},"115":{"start":{"line":321,"column":4},"end":{"line":327,"column":7}},"116":{"start":{"line":322,"column":6},"end":{"line":326,"column":7}},"117":{"start":{"line":323,"column":8},"end":{"line":323,"column":34}},"118":{"start":{"line":325,"column":8},"end":{"line":325,"column":27}},"119":{"start":{"line":329,"column":4},"end":{"line":329,"column":23}},"120":{"start":{"line":334,"column":42},"end":{"line":365,"column":1}},"121":{"start":{"line":335,"column":2},"end":{"line":364,"column":3}},"122":{"start":{"line":336,"column":28},"end":{"line":336,"column":36}},"123":{"start":{"line":337,"column":16},"end":{"line":337,"column":17}},"124":{"start":{"line":338,"column":4},"end":{"line":340,"column":7}},"125":{"start":{"line":339,"column":6},"end":{"line":339,"column":23}},"126":{"start":{"line":341,"column":25},"end":{"line":361,"column":5}},"127":{"start":{"line":350,"column":8},"end":{"line":359,"column":9}},"128":{"start":{"line":351,"column":24},"end":{"line":355,"column":19}},"129":{"start":{"line":356,"column":10},"end":{"line":356,"column":33}},"130":{"start":{"line":358,"column":10},"end":{"line":358,"column":38}},"131":{"start":{"line":363,"column":4},"end":{"line":363,"column":23}}},"fnMap":{"0":{"name":"(anonymous_0)","decl":{"start":{"line":20,"column":39},"end":{"line":20,"column":40}},"loc":{"start":{"line":20,"column":59},"end":{"line":59,"column":1}},"line":20},"1":{"name":"(anonymous_1)","decl":{"start":{"line":62,"column":36},"end":{"line":62,"column":37}},"loc":{"start":{"line":62,"column":56},"end":{"line":84,"column":1}},"line":62},"2":{"name":"(anonymous_2)","decl":{"start":{"line":86,"column":42},"end":{"line":86,"column":43}},"loc":{"start":{"line":86,"column":62},"end":{"line":102,"column":1}},"line":86},"3":{"name":"(anonymous_3)","decl":{"start":{"line":105,"column":38},"end":{"line":105,"column":39}},"loc":{"start":{"line":105,"column":58},"end":{"line":120,"column":1}},"line":105},"4":{"name":"(anonymous_4)","decl":{"start":{"line":123,"column":39},"end":{"line":123,"column":40}},"loc":{"start":{"line":123,"column":59},"end":{"line":138,"column":1}},"line":123},"5":{"name":"(anonymous_5)","decl":{"start":{"line":141,"column":39},"end":{"line":141,"column":40}},"loc":{"start":{"line":141,"column":59},"end":{"line":184,"column":1}},"line":141},"6":{"name":"(anonymous_6)","decl":{"start":{"line":187,"column":40},"end":{"line":187,"column":41}},"loc":{"start":{"line":187,"column":60},"end":{"line":206,"column":1}},"line":187},"7":{"name":"(anonymous_7)","decl":{"start":{"line":209,"column":38},"end":{"line":209,"column":39}},"loc":{"start":{"line":209,"column":58},"end":{"line":224,"column":1}},"line":209},"8":{"name":"(anonymous_8)","decl":{"start":{"line":227,"column":37},"end":{"line":227,"column":38}},"loc":{"start":{"line":227,"column":57},"end":{"line":249,"column":1}},"line":227},"9":{"name":"(anonymous_9)","decl":{"start":{"line":252,"column":39},"end":{"line":252,"column":40}},"loc":{"start":{"line":252,"column":59},"end":{"line":269,"column":1}},"line":252},"10":{"name":"(anonymous_10)","decl":{"start":{"line":272,"column":40},"end":{"line":272,"column":41}},"loc":{"start":{"line":272,"column":60},"end":{"line":295,"column":1}},"line":272},"11":{"name":"(anonymous_11)","decl":{"start":{"line":298,"column":41},"end":{"line":298,"column":42}},"loc":{"start":{"line":298,"column":61},"end":{"line":315,"column":1}},"line":298},"12":{"name":"(anonymous_12)","decl":{"start":{"line":319,"column":40},"end":{"line":319,"column":41}},"loc":{"start":{"line":319,"column":60},"end":{"line":331,"column":1}},"line":319},"13":{"name":"(anonymous_13)","decl":{"start":{"line":321,"column":37},"end":{"line":321,"column":38}},"loc":{"start":{"line":321,"column":62},"end":{"line":327,"column":5}},"line":321},"14":{"name":"(anonymous_14)","decl":{"start":{"line":334,"column":42},"end":{"line":334,"column":43}},"loc":{"start":{"line":334,"column":62},"end":{"line":365,"column":1}},"line":334},"15":{"name":"(anonymous_15)","decl":{"start":{"line":338,"column":13},"end":{"line":338,"column":14}},"loc":{"start":{"line":338,"column":20},"end":{"line":340,"column":5}},"line":338},"16":{"name":"(anonymous_16)","decl":{"start":{"line":349,"column":6},"end":{"line":349,"column":7}},"loc":{"start":{"line":349,"column":31},"end":{"line":360,"column":7}},"line":349}},"branchMap":{"0":{"loc":{"start":{"line":25,"column":4},"end":{"line":38,"column":5}},"type":"switch","locations":[{"start":{"line":26,"column":6},"end":{"line":27,"column":67}},{"start":{"line":28,"column":6},"end":{"line":29,"column":74}},{"start":{"line":30,"column":6},"end":{"line":31,"column":68}},{"start":{"line":32,"column":6},"end":{"line":33,"column":71}},{"start":{"line":34,"column":6},"end":{"line":35,"column":71}},{"start":{"line":36,"column":6},"end":{"line":37,"column":96}}],"line":25},"1":{"loc":{"start":{"line":36,"column":11},"end":{"line":36,"column":40}},"type":"binary-expr","locations":[{"start":{"line":36,"column":11},"end":{"line":36,"column":16}},{"start":{"line":36,"column":20},"end":{"line":36,"column":40}}],"line":36},"2":{"loc":{"start":{"line":41,"column":4},"end":{"line":44,"column":5}},"type":"if","locations":[{"start":{"line":41,"column":4},"end":{"line":44,"column":5}},{"start":{},"end":{}}],"line":41},"3":{"loc":{"start":{"line":108,"column":4},"end":{"line":111,"column":5}},"type":"if","locations":[{"start":{"line":108,"column":4},"end":{"line":111,"column":5}},{"start":{},"end":{}}],"line":108},"4":{"loc":{"start":{"line":146,"column":4},"end":{"line":159,"column":5}},"type":"switch","locations":[{"start":{"line":147,"column":6},"end":{"line":148,"column":67}},{"start":{"line":149,"column":6},"end":{"line":150,"column":74}},{"start":{"line":151,"column":6},"end":{"line":152,"column":68}},{"start":{"line":153,"column":6},"end":{"line":154,"column":71}},{"start":{"line":155,"column":6},"end":{"line":156,"column":71}},{"start":{"line":157,"column":6},"end":{"line":158,"column":96}}],"line":146},"5":{"loc":{"start":{"line":157,"column":11},"end":{"line":157,"column":40}},"type":"binary-expr","locations":[{"start":{"line":157,"column":11},"end":{"line":157,"column":16}},{"start":{"line":157,"column":20},"end":{"line":157,"column":40}}],"line":157},"6":{"loc":{"start":{"line":166,"column":4},"end":{"line":169,"column":5}},"type":"if","locations":[{"start":{"line":166,"column":4},"end":{"line":169,"column":5}},{"start":{},"end":{}}],"line":166},"7":{"loc":{"start":{"line":191,"column":4},"end":{"line":191,"column":52}},"type":"if","locations":[{"start":{"line":191,"column":4},"end":{"line":191,"column":52}},{"start":{},"end":{}}],"line":191},"8":{"loc":{"start":{"line":192,"column":4},"end":{"line":192,"column":70}},"type":"if","locations":[{"start":{"line":192,"column":4},"end":{"line":192,"column":70}},{"start":{},"end":{}}],"line":192},"9":{"loc":{"start":{"line":230,"column":17},"end":{"line":230,"column":54}},"type":"cond-expr","locations":[{"start":{"line":230,"column":35},"end":{"line":230,"column":50}},{"start":{"line":230,"column":53},"end":{"line":230,"column":54}}],"line":230},"10":{"loc":{"start":{"line":322,"column":6},"end":{"line":326,"column":7}},"type":"if","locations":[{"start":{"line":322,"column":6},"end":{"line":326,"column":7}},{"start":{"line":324,"column":13},"end":{"line":326,"column":7}}],"line":322},"11":{"loc":{"start":{"line":350,"column":8},"end":{"line":359,"column":9}},"type":"if","locations":[{"start":{"line":350,"column":8},"end":{"line":359,"column":9}},{"start":{"line":357,"column":15},"end":{"line":359,"column":9}}],"line":350}},"s":{"0":1,"1":1,"2":1,"3":1,"4":1,"5":1,"6":1,"7":0,"8":0,"9":0,"10":0,"11":0,"12":0,"13":1,"14":1,"15":1,"16":1,"17":1,"18":1,"19":0,"20":0,"21":1,"22":0,"23":0,"24":0,"25":0,"26":0,"27":1,"28":0,"29":0,"30":0,"31":0,"32":0,"33":1,"34":0,"35":0,"36":0,"37":0,"38":0,"39":0,"40":0,"41":1,"42":2,"43":2,"44":1,"45":1,"46":1,"47":1,"48":1,"49":1,"50":1,"51":1,"52":0,"53":0,"54":0,"55":0,"56":0,"57":0,"58":1,"59":1,"60":1,"61":1,"62":1,"63":1,"64":0,"65":0,"66":1,"67":0,"68":0,"69":0,"70":0,"71":0,"72":0,"73":0,"74":0,"75":0,"76":0,"77":0,"78":1,"79":2,"80":2,"81":1,"82":1,"83":1,"84":1,"85":3,"86":3,"87":3,"88":3,"89":2,"90":1,"91":1,"92":1,"93":2,"94":2,"95":2,"96":1,"97":1,"98":1,"99":1,"100":2,"101":2,"102":2,"103":1,"104":1,"105":1,"106":1,"107":4,"108":4,"109":3,"110":1,"111":3,"112":3,"113":1,"114":0,"115":0,"116":0,"117":0,"118":0,"119":0,"120":1,"121":0,"122":0,"123":0,"124":0,"125":0,"126":0,"127":0,"128":0,"129":0,"130":0,"131":0},"f":{"0":1,"1":0,"2":0,"3":0,"4":2,"5":1,"6":0,"7":2,"8":3,"9":2,"10":2,"11":4,"12":0,"13":0,"14":0,"15":0,"16":0},"b":{"0":[0,0,0,0,0,0],"1":[1,1],"2":[1,0],"3":[0,0],"4":[0,0,0,0,0,0],"5":[1,1],"6":[1,0],"7":[0,0],"8":[0,0],"9":[2,1],"10":[0,0],"11":[0,0]},"_coverageSchema":"1a1c01bbd47fc00a2c39e90264f33305004495a9","hash":"99d321d36efdf1011ba8fe2991a2618f771908ab"}
,"/Users/justus/IdeaProjects/cs4218-2420-ecom-project-team22/helpers/authHelper.js": {"path":"/Users/justus/IdeaProjects/cs4218-2420-ecom-project-team22/helpers/authHelper.js","statementMap":{"0":{"start":{"line":3,"column":28},"end":{"line":11,"column":1}},"1":{"start":{"line":4,"column":2},"end":{"line":10,"column":3}},"2":{"start":{"line":5,"column":23},"end":{"line":5,"column":25}},"3":{"start":{"line":6,"column":27},"end":{"line":6,"column":66}},"4":{"start":{"line":7,"column":4},"end":{"line":7,"column":26}},"5":{"start":{"line":9,"column":4},"end":{"line":9,"column":23}},"6":{"start":{"line":13,"column":31},"end":{"line":19,"column":1}},"7":{"start":{"line":14,"column":2},"end":{"line":18,"column":3}},"8":{"start":{"line":15,"column":4},"end":{"line":15,"column":58}},"9":{"start":{"line":17,"column":4},"end":{"line":17,"column":23}}},"fnMap":{"0":{"name":"(anonymous_0)","decl":{"start":{"line":3,"column":28},"end":{"line":3,"column":29}},"loc":{"start":{"line":3,"column":48},"end":{"line":11,"column":1}},"line":3},"1":{"name":"(anonymous_1)","decl":{"start":{"line":13,"column":31},"end":{"line":13,"column":32}},"loc":{"start":{"line":13,"column":67},"end":{"line":19,"column":1}},"line":13}},"branchMap":{},"s":{"0":1,"1":2,"2":2,"3":2,"4":1,"5":1,"6":1,"7":3,"8":3,"9":1},"f":{"0":2,"1":3},"b":{},"_coverageSchema":"1a1c01bbd47fc00a2c39e90264f33305004495a9","hash":"59fa232ee4de6e38d12185b317445dd308cacbb6"}
,"/Users/justus/IdeaProjects/cs4218-2420-ecom-project-team22/middlewares/authMiddleware.js": {"path":"/Users/justus/IdeaProjects/cs4218-2420-ecom-project-team22/middlewares/authMiddleware.js","statementMap":{"0":{"start":{"line":5,"column":29},"end":{"line":13,"column":1}},"1":{"start":{"line":6,"column":2},"end":{"line":12,"column":3}},"2":{"start":{"line":7,"column":19},"end":{"line":7,"column":80}},"3":{"start":{"line":8,"column":4},"end":{"line":8,"column":22}},"4":{"start":{"line":9,"column":4},"end":{"line":9,"column":11}},"5":{"start":{"line":11,"column":4},"end":{"line":11,"column":23}},"6":{"start":{"line":16,"column":23},"end":{"line":42,"column":1}},"7":{"start":{"line":17,"column":2},"end":{"line":41,"column":3}},"8":{"start":{"line":18,"column":17},"end":{"line":18,"column":55}},"9":{"start":{"line":20,"column":4},"end":{"line":25,"column":5}},"10":{"start":{"line":21,"column":6},"end":{"line":24,"column":9}},"11":{"start":{"line":26,"column":4},"end":{"line":33,"column":5}},"12":{"start":{"line":27,"column":6},"end":{"line":30,"column":9}},"13":{"start":{"line":32,"column":6},"end":{"line":32,"column":13}},"14":{"start":{"line":35,"column":4},"end":{"line":35,"column":23}},"15":{"start":{"line":36,"column":4},"end":{"line":40,"column":7}}},"fnMap":{"0":{"name":"(anonymous_0)","decl":{"start":{"line":5,"column":29},"end":{"line":5,"column":30}},"loc":{"start":{"line":5,"column":55},"end":{"line":13,"column":1}},"line":5},"1":{"name":"(anonymous_1)","decl":{"start":{"line":16,"column":23},"end":{"line":16,"column":24}},"loc":{"start":{"line":16,"column":49},"end":{"line":42,"column":1}},"line":16}},"branchMap":{"0":{"loc":{"start":{"line":20,"column":4},"end":{"line":25,"column":5}},"type":"if","locations":[{"start":{"line":20,"column":4},"end":{"line":25,"column":5}},{"start":{},"end":{}}],"line":20},"1":{"loc":{"start":{"line":26,"column":4},"end":{"line":33,"column":5}},"type":"if","locations":[{"start":{"line":26,"column":4},"end":{"line":33,"column":5}},{"start":{"line":31,"column":11},"end":{"line":33,"column":5}}],"line":26}},"s":{"0":1,"1":2,"2":2,"3":1,"4":1,"5":1,"6":1,"7":4,"8":4,"9":3,"10":1,"11":2,"12":1,"13":1,"14":1,"15":1},"f":{"0":2,"1":4},"b":{"0":[1,2],"1":[1,1]},"_coverageSchema":"1a1c01bbd47fc00a2c39e90264f33305004495a9","hash":"98e901b625dd4cc8036ca35a8996e850dca79765"}
}
