{"/Users/kenne/Documents/University/CS4218/cs4218-2420-ecom-project-team22/client/src/components/AdminMenu.js": {"path":"/Users/kenne/Documents/University/CS4218/cs4218-2420-ecom-project-team22/client/src/components/AdminMenu.js","statementMap":{"0":{"start":{"line":3,"column":18},"end":{"line":31,"column":1}},"1":{"start":{"line":4,"column":2},"end":{"line":30,"column":4}}},"fnMap":{"0":{"name":"(anonymous_0)","decl":{"start":{"line":3,"column":18},"end":{"line":3,"column":19}},"loc":{"start":{"line":3,"column":24},"end":{"line":31,"column":1}},"line":3}},"branchMap":{},"s":{"0":4,"1":41},"f":{"0":41},"b":{},"_coverageSchema":"1a1c01bbd47fc00a2c39e90264f33305004495a9","hash":"7d1a50610492d09549d408b56c554e051f88d660"}
,"/Users/kenne/Documents/University/CS4218/cs4218-2420-ecom-project-team22/client/src/components/Form/CategoryForm.js": {"path":"/Users/kenne/Documents/University/CS4218/cs4218-2420-ecom-project-team22/client/src/components/Form/CategoryForm.js","statementMap":{"0":{"start":{"line":3,"column":21},"end":{"line":23,"column":1}},"1":{"start":{"line":4,"column":2},"end":{"line":22,"column":4}},"2":{"start":{"line":13,"column":29},"end":{"line":13,"column":53}}},"fnMap":{"0":{"name":"(anonymous_0)","decl":{"start":{"line":3,"column":21},"end":{"line":3,"column":22}},"loc":{"start":{"line":3,"column":60},"end":{"line":23,"column":1}},"line":3},"1":{"name":"(anonymous_1)","decl":{"start":{"line":13,"column":22},"end":{"line":13,"column":23}},"loc":{"start":{"line":13,"column":29},"end":{"line":13,"column":53}},"line":13}},"branchMap":{},"s":{"0":1,"1":3,"2":1},"f":{"0":3,"1":1},"b":{},"_coverageSchema":"1a1c01bbd47fc00a2c39e90264f33305004495a9","hash":"d59e93eb69949dacbb24e7662ecd44aef8c92e41"}
,"/Users/kenne/Documents/University/CS4218/cs4218-2420-ecom-project-team22/client/src/pages/HomePage.js": {"path":"/Users/kenne/Documents/University/CS4218/cs4218-2420-ecom-project-team22/client/src/pages/HomePage.js","statementMap":{"0":{"start":{"line":12,"column":17},"end":{"line":201,"column":1}},"1":{"start":{"line":13,"column":19},"end":{"line":13,"column":32}},"2":{"start":{"line":14,"column":26},"end":{"line":14,"column":35}},"3":{"start":{"line":15,"column":34},"end":{"line":15,"column":46}},"4":{"start":{"line":16,"column":38},"end":{"line":16,"column":50}},"5":{"start":{"line":17,"column":32},"end":{"line":17,"column":44}},"6":{"start":{"line":18,"column":28},"end":{"line":18,"column":40}},"7":{"start":{"line":19,"column":28},"end":{"line":19,"column":39}},"8":{"start":{"line":20,"column":26},"end":{"line":20,"column":37}},"9":{"start":{"line":21,"column":32},"end":{"line":21,"column":47}},"10":{"start":{"line":24,"column":25},"end":{"line":33,"column":3}},"11":{"start":{"line":25,"column":4},"end":{"line":32,"column":5}},"12":{"start":{"line":26,"column":23},"end":{"line":26,"column":71}},"13":{"start":{"line":27,"column":6},"end":{"line":29,"column":7}},"14":{"start":{"line":28,"column":8},"end":{"line":28,"column":37}},"15":{"start":{"line":31,"column":6},"end":{"line":31,"column":25}},"16":{"start":{"line":35,"column":2},"end":{"line":38,"column":9}},"17":{"start":{"line":36,"column":4},"end":{"line":36,"column":21}},"18":{"start":{"line":37,"column":4},"end":{"line":37,"column":15}},"19":{"start":{"line":40,"column":25},"end":{"line":50,"column":3}},"20":{"start":{"line":41,"column":4},"end":{"line":49,"column":5}},"21":{"start":{"line":42,"column":6},"end":{"line":42,"column":23}},"22":{"start":{"line":43,"column":23},"end":{"line":43,"column":78}},"23":{"start":{"line":44,"column":6},"end":{"line":44,"column":24}},"24":{"start":{"line":45,"column":6},"end":{"line":45,"column":33}},"25":{"start":{"line":47,"column":6},"end":{"line":47,"column":24}},"26":{"start":{"line":48,"column":6},"end":{"line":48,"column":25}},"27":{"start":{"line":53,"column":19},"end":{"line":60,"column":3}},"28":{"start":{"line":54,"column":4},"end":{"line":59,"column":5}},"29":{"start":{"line":55,"column":23},"end":{"line":55,"column":71}},"30":{"start":{"line":56,"column":6},"end":{"line":56,"column":28}},"31":{"start":{"line":58,"column":6},"end":{"line":58,"column":25}},"32":{"start":{"line":62,"column":2},"end":{"line":65,"column":13}},"33":{"start":{"line":63,"column":4},"end":{"line":63,"column":27}},"34":{"start":{"line":63,"column":20},"end":{"line":63,"column":27}},"35":{"start":{"line":64,"column":4},"end":{"line":64,"column":15}},"36":{"start":{"line":67,"column":19},"end":{"line":77,"column":3}},"37":{"start":{"line":68,"column":4},"end":{"line":76,"column":5}},"38":{"start":{"line":69,"column":6},"end":{"line":69,"column":23}},"39":{"start":{"line":70,"column":23},"end":{"line":70,"column":78}},"40":{"start":{"line":71,"column":6},"end":{"line":71,"column":24}},"41":{"start":{"line":72,"column":6},"end":{"line":72,"column":52}},"42":{"start":{"line":74,"column":6},"end":{"line":74,"column":25}},"43":{"start":{"line":75,"column":6},"end":{"line":75,"column":24}},"44":{"start":{"line":80,"column":23},"end":{"line":88,"column":3}},"45":{"start":{"line":81,"column":14},"end":{"line":81,"column":26}},"46":{"start":{"line":82,"column":4},"end":{"line":86,"column":5}},"47":{"start":{"line":83,"column":6},"end":{"line":83,"column":19}},"48":{"start":{"line":85,"column":6},"end":{"line":85,"column":40}},"49":{"start":{"line":85,"column":30},"end":{"line":85,"column":38}},"50":{"start":{"line":87,"column":4},"end":{"line":87,"column":20}},"51":{"start":{"line":89,"column":2},"end":{"line":91,"column":37}},"52":{"start":{"line":90,"column":4},"end":{"line":90,"column":59}},"53":{"start":{"line":90,"column":42},"end":{"line":90,"column":59}},"54":{"start":{"line":93,"column":2},"end":{"line":95,"column":23}},"55":{"start":{"line":94,"column":4},"end":{"line":94,"column":56}},"56":{"start":{"line":94,"column":40},"end":{"line":94,"column":56}},"57":{"start":{"line":98,"column":24},"end":{"line":108,"column":3}},"58":{"start":{"line":99,"column":4},"end":{"line":107,"column":5}},"59":{"start":{"line":100,"column":23},"end":{"line":103,"column":8}},"60":{"start":{"line":104,"column":6},"end":{"line":104,"column":34}},"61":{"start":{"line":106,"column":6},"end":{"line":106,"column":25}},"62":{"start":{"line":109,"column":2},"end":{"line":200,"column":4}},"63":{"start":{"line":119,"column":14},"end":{"line":121,"column":25}},"64":{"start":{"line":119,"column":53},"end":{"line":119,"column":90}},"65":{"start":{"line":127,"column":42},"end":{"line":127,"column":66}},"66":{"start":{"line":129,"column":16},"end":{"line":131,"column":22}},"67":{"start":{"line":136,"column":62},"end":{"line":136,"column":86}},"68":{"start":{"line":145,"column":14},"end":{"line":174,"column":20}},"69":{"start":{"line":159,"column":73},"end":{"line":159,"column":103}},"70":{"start":{"line":165,"column":24},"end":{"line":165,"column":46}},"71":{"start":{"line":166,"column":24},"end":{"line":166,"column":83}},"72":{"start":{"line":167,"column":24},"end":{"line":167,"column":60}},"73":{"start":{"line":182,"column":18},"end":{"line":182,"column":37}},"74":{"start":{"line":183,"column":18},"end":{"line":183,"column":36}}},"fnMap":{"0":{"name":"(anonymous_0)","decl":{"start":{"line":12,"column":17},"end":{"line":12,"column":18}},"loc":{"start":{"line":12,"column":23},"end":{"line":201,"column":1}},"line":12},"1":{"name":"(anonymous_1)","decl":{"start":{"line":24,"column":25},"end":{"line":24,"column":26}},"loc":{"start":{"line":24,"column":37},"end":{"line":33,"column":3}},"line":24},"2":{"name":"(anonymous_2)","decl":{"start":{"line":35,"column":12},"end":{"line":35,"column":13}},"loc":{"start":{"line":35,"column":18},"end":{"line":38,"column":3}},"line":35},"3":{"name":"(anonymous_3)","decl":{"start":{"line":40,"column":25},"end":{"line":40,"column":26}},"loc":{"start":{"line":40,"column":37},"end":{"line":50,"column":3}},"line":40},"4":{"name":"(anonymous_4)","decl":{"start":{"line":53,"column":19},"end":{"line":53,"column":20}},"loc":{"start":{"line":53,"column":31},"end":{"line":60,"column":3}},"line":53},"5":{"name":"(anonymous_5)","decl":{"start":{"line":62,"column":12},"end":{"line":62,"column":13}},"loc":{"start":{"line":62,"column":18},"end":{"line":65,"column":3}},"line":62},"6":{"name":"(anonymous_6)","decl":{"start":{"line":67,"column":19},"end":{"line":67,"column":20}},"loc":{"start":{"line":67,"column":31},"end":{"line":77,"column":3}},"line":67},"7":{"name":"(anonymous_7)","decl":{"start":{"line":80,"column":23},"end":{"line":80,"column":24}},"loc":{"start":{"line":80,"column":38},"end":{"line":88,"column":3}},"line":80},"8":{"name":"(anonymous_8)","decl":{"start":{"line":85,"column":23},"end":{"line":85,"column":24}},"loc":{"start":{"line":85,"column":30},"end":{"line":85,"column":38}},"line":85},"9":{"name":"(anonymous_9)","decl":{"start":{"line":89,"column":12},"end":{"line":89,"column":13}},"loc":{"start":{"line":89,"column":18},"end":{"line":91,"column":3}},"line":89},"10":{"name":"(anonymous_10)","decl":{"start":{"line":93,"column":12},"end":{"line":93,"column":13}},"loc":{"start":{"line":93,"column":18},"end":{"line":95,"column":3}},"line":93},"11":{"name":"(anonymous_11)","decl":{"start":{"line":98,"column":24},"end":{"line":98,"column":25}},"loc":{"start":{"line":98,"column":36},"end":{"line":108,"column":3}},"line":98},"12":{"name":"(anonymous_12)","decl":{"start":{"line":118,"column":29},"end":{"line":118,"column":30}},"loc":{"start":{"line":119,"column":14},"end":{"line":121,"column":25}},"line":119},"13":{"name":"(anonymous_13)","decl":{"start":{"line":119,"column":46},"end":{"line":119,"column":47}},"loc":{"start":{"line":119,"column":53},"end":{"line":119,"column":90}},"line":119},"14":{"name":"(anonymous_14)","decl":{"start":{"line":127,"column":35},"end":{"line":127,"column":36}},"loc":{"start":{"line":127,"column":42},"end":{"line":127,"column":66}},"line":127},"15":{"name":"(anonymous_15)","decl":{"start":{"line":128,"column":27},"end":{"line":128,"column":28}},"loc":{"start":{"line":129,"column":16},"end":{"line":131,"column":22}},"line":129},"16":{"name":"(anonymous_16)","decl":{"start":{"line":136,"column":56},"end":{"line":136,"column":57}},"loc":{"start":{"line":136,"column":62},"end":{"line":136,"column":86}},"line":136},"17":{"name":"(anonymous_17)","decl":{"start":{"line":144,"column":27},"end":{"line":144,"column":28}},"loc":{"start":{"line":145,"column":14},"end":{"line":174,"column":20}},"line":145},"18":{"name":"(anonymous_18)","decl":{"start":{"line":159,"column":67},"end":{"line":159,"column":68}},"loc":{"start":{"line":159,"column":73},"end":{"line":159,"column":103}},"line":159},"19":{"name":"(anonymous_19)","decl":{"start":{"line":164,"column":31},"end":{"line":164,"column":32}},"loc":{"start":{"line":164,"column":37},"end":{"line":168,"column":23}},"line":164},"20":{"name":"(anonymous_20)","decl":{"start":{"line":181,"column":25},"end":{"line":181,"column":26}},"loc":{"start":{"line":181,"column":32},"end":{"line":184,"column":17}},"line":181}},"branchMap":{"0":{"loc":{"start":{"line":27,"column":6},"end":{"line":29,"column":7}},"type":"if","locations":[{"start":{"line":27,"column":6},"end":{"line":29,"column":7}},{"start":{},"end":{}}],"line":27},"1":{"loc":{"start":{"line":63,"column":4},"end":{"line":63,"column":27}},"type":"if","locations":[{"start":{"line":63,"column":4},"end":{"line":63,"column":27}},{"start":{},"end":{}}],"line":63},"2":{"loc":{"start":{"line":82,"column":4},"end":{"line":86,"column":5}},"type":"if","locations":[{"start":{"line":82,"column":4},"end":{"line":86,"column":5}},{"start":{"line":84,"column":11},"end":{"line":86,"column":5}}],"line":82},"3":{"loc":{"start":{"line":90,"column":4},"end":{"line":90,"column":59}},"type":"if","locations":[{"start":{"line":90,"column":4},"end":{"line":90,"column":59}},{"start":{},"end":{}}],"line":90},"4":{"loc":{"start":{"line":90,"column":8},"end":{"line":90,"column":40}},"type":"binary-expr","locations":[{"start":{"line":90,"column":8},"end":{"line":90,"column":23}},{"start":{"line":90,"column":27},"end":{"line":90,"column":40}}],"line":90},"5":{"loc":{"start":{"line":94,"column":4},"end":{"line":94,"column":56}},"type":"if","locations":[{"start":{"line":94,"column":4},"end":{"line":94,"column":56}},{"start":{},"end":{}}],"line":94},"6":{"loc":{"start":{"line":94,"column":8},"end":{"line":94,"column":38}},"type":"binary-expr","locations":[{"start":{"line":94,"column":8},"end":{"line":94,"column":22}},{"start":{"line":94,"column":26},"end":{"line":94,"column":38}}],"line":94},"7":{"loc":{"start":{"line":178,"column":13},"end":{"line":195,"column":13}},"type":"binary-expr","locations":[{"start":{"line":178,"column":13},"end":{"line":178,"column":21}},{"start":{"line":178,"column":25},"end":{"line":178,"column":48}},{"start":{"line":179,"column":14},"end":{"line":194,"column":23}}],"line":178},"8":{"loc":{"start":{"line":186,"column":17},"end":{"line":193,"column":17}},"type":"cond-expr","locations":[{"start":{"line":187,"column":18},"end":{"line":187,"column":31}},{"start":{"line":189,"column":18},"end":{"line":192,"column":21}}],"line":186}},"s":{"0":1,"1":5,"2":4,"3":0,"4":0,"5":0,"6":0,"7":0,"8":0,"9":0,"10":0,"11":0,"12":0,"13":0,"14":0,"15":0,"16":0,"17":0,"18":0,"19":0,"20":0,"21":0,"22":0,"23":0,"24":0,"25":0,"26":0,"27":0,"28":0,"29":0,"30":0,"31":0,"32":0,"33":0,"34":0,"35":0,"36":0,"37":0,"38":0,"39":0,"40":0,"41":0,"42":0,"43":0,"44":0,"45":0,"46":0,"47":0,"48":0,"49":0,"50":0,"51":0,"52":0,"53":0,"54":0,"55":0,"56":0,"57":0,"58":0,"59":0,"60":0,"61":0,"62":0,"63":0,"64":0,"65":0,"66":0,"67":0,"68":0,"69":0,"70":0,"71":0,"72":0,"73":0,"74":0},"f":{"0":5,"1":0,"2":0,"3":0,"4":0,"5":0,"6":0,"7":0,"8":0,"9":0,"10":0,"11":0,"12":0,"13":0,"14":0,"15":0,"16":0,"17":0,"18":0,"19":0,"20":0},"b":{"0":[0,0],"1":[0,0],"2":[0,0],"3":[0,0],"4":[0,0],"5":[0,0],"6":[0,0],"7":[0,0,0],"8":[0,0]},"_coverageSchema":"1a1c01bbd47fc00a2c39e90264f33305004495a9","hash":"e9e9a7658b768eda385fac440b5a93b582280830"}
,"/Users/kenne/Documents/University/CS4218/cs4218-2420-ecom-project-team22/client/src/pages/admin/AdminDashboard.js": {"path":"/Users/kenne/Documents/University/CS4218/cs4218-2420-ecom-project-team22/client/src/pages/admin/AdminDashboard.js","statementMap":{"0":{"start":{"line":5,"column":23},"end":{"line":25,"column":1}},"1":{"start":{"line":6,"column":17},"end":{"line":6,"column":26}},"2":{"start":{"line":7,"column":2},"end":{"line":24,"column":4}}},"fnMap":{"0":{"name":"(anonymous_0)","decl":{"start":{"line":5,"column":23},"end":{"line":5,"column":24}},"loc":{"start":{"line":5,"column":29},"end":{"line":25,"column":1}},"line":5}},"branchMap":{},"s":{"0":1,"1":1,"2":1},"f":{"0":1},"b":{},"_coverageSchema":"1a1c01bbd47fc00a2c39e90264f33305004495a9","hash":"abc297c6b5a3fcf109262ed56f9cdd46dec40b96"}
,"/Users/kenne/Documents/University/CS4218/cs4218-2420-ecom-project-team22/client/src/pages/admin/AdminOrders.js": {"path":"/Users/kenne/Documents/University/CS4218/cs4218-2420-ecom-project-team22/client/src/pages/admin/AdminOrders.js","statementMap":{"0":{"start":{"line":9,"column":19},"end":{"line":9,"column":25}},"1":{"start":{"line":11,"column":20},"end":{"line":111,"column":1}},"2":{"start":{"line":12,"column":30},"end":{"line":12,"column":102}},"3":{"start":{"line":13,"column":42},"end":{"line":13,"column":54}},"4":{"start":{"line":14,"column":30},"end":{"line":14,"column":42}},"5":{"start":{"line":15,"column":26},"end":{"line":15,"column":35}},"6":{"start":{"line":16,"column":20},"end":{"line":23,"column":3}},"7":{"start":{"line":17,"column":4},"end":{"line":22,"column":5}},"8":{"start":{"line":18,"column":23},"end":{"line":18,"column":65}},"9":{"start":{"line":19,"column":6},"end":{"line":19,"column":22}},"10":{"start":{"line":21,"column":6},"end":{"line":21,"column":25}},"11":{"start":{"line":25,"column":2},"end":{"line":27,"column":20}},"12":{"start":{"line":26,"column":4},"end":{"line":26,"column":33}},"13":{"start":{"line":26,"column":21},"end":{"line":26,"column":33}},"14":{"start":{"line":29,"column":23},"end":{"line":38,"column":3}},"15":{"start":{"line":30,"column":4},"end":{"line":37,"column":5}},"16":{"start":{"line":31,"column":23},"end":{"line":33,"column":8}},"17":{"start":{"line":34,"column":6},"end":{"line":34,"column":18}},"18":{"start":{"line":36,"column":6},"end":{"line":36,"column":25}},"19":{"start":{"line":39,"column":2},"end":{"line":110,"column":4}},"20":{"start":{"line":48,"column":12},"end":{"line":105,"column":14}},"21":{"start":{"line":67,"column":47},"end":{"line":67,"column":73}},"22":{"start":{"line":71,"column":28},"end":{"line":73,"column":37}},"23":{"start":{"line":86,"column":20},"end":{"line":101,"column":26}}},"fnMap":{"0":{"name":"(anonymous_0)","decl":{"start":{"line":11,"column":20},"end":{"line":11,"column":21}},"loc":{"start":{"line":11,"column":26},"end":{"line":111,"column":1}},"line":11},"1":{"name":"(anonymous_1)","decl":{"start":{"line":16,"column":20},"end":{"line":16,"column":21}},"loc":{"start":{"line":16,"column":32},"end":{"line":23,"column":3}},"line":16},"2":{"name":"(anonymous_2)","decl":{"start":{"line":25,"column":12},"end":{"line":25,"column":13}},"loc":{"start":{"line":25,"column":18},"end":{"line":27,"column":3}},"line":25},"3":{"name":"(anonymous_3)","decl":{"start":{"line":29,"column":23},"end":{"line":29,"column":24}},"loc":{"start":{"line":29,"column":49},"end":{"line":38,"column":3}},"line":29},"4":{"name":"(anonymous_4)","decl":{"start":{"line":47,"column":23},"end":{"line":47,"column":24}},"loc":{"start":{"line":47,"column":33},"end":{"line":106,"column":11}},"line":47},"5":{"name":"(anonymous_5)","decl":{"start":{"line":67,"column":36},"end":{"line":67,"column":37}},"loc":{"start":{"line":67,"column":47},"end":{"line":67,"column":73}},"line":67},"6":{"name":"(anonymous_6)","decl":{"start":{"line":70,"column":38},"end":{"line":70,"column":39}},"loc":{"start":{"line":71,"column":28},"end":{"line":73,"column":37}},"line":71},"7":{"name":"(anonymous_7)","decl":{"start":{"line":85,"column":36},"end":{"line":85,"column":37}},"loc":{"start":{"line":86,"column":20},"end":{"line":101,"column":26}},"line":86}},"branchMap":{"0":{"loc":{"start":{"line":26,"column":4},"end":{"line":26,"column":33}},"type":"if","locations":[{"start":{"line":26,"column":4},"end":{"line":26,"column":33}},{"start":{},"end":{}}],"line":26},"1":{"loc":{"start":{"line":79,"column":27},"end":{"line":79,"column":68}},"type":"cond-expr","locations":[{"start":{"line":79,"column":48},"end":{"line":79,"column":57}},{"start":{"line":79,"column":60},"end":{"line":79,"column":68}}],"line":79}},"s":{"0":0,"1":0,"2":0,"3":0,"4":0,"5":0,"6":0,"7":0,"8":0,"9":0,"10":0,"11":0,"12":0,"13":0,"14":0,"15":0,"16":0,"17":0,"18":0,"19":0,"20":0,"21":0,"22":0,"23":0},"f":{"0":0,"1":0,"2":0,"3":0,"4":0,"5":0,"6":0,"7":0},"b":{"0":[0,0],"1":[0,0]}}
,"/Users/kenne/Documents/University/CS4218/cs4218-2420-ecom-project-team22/client/src/pages/admin/CreateCategory.js": {"path":"/Users/kenne/Documents/University/CS4218/cs4218-2420-ecom-project-team22/client/src/pages/admin/CreateCategory.js","statementMap":{"0":{"start":{"line":8,"column":23},"end":{"line":144,"column":1}},"1":{"start":{"line":9,"column":38},"end":{"line":9,"column":50}},"2":{"start":{"line":10,"column":26},"end":{"line":10,"column":38}},"3":{"start":{"line":11,"column":32},"end":{"line":11,"column":47}},"4":{"start":{"line":12,"column":34},"end":{"line":12,"column":48}},"5":{"start":{"line":13,"column":40},"end":{"line":13,"column":52}},"6":{"start":{"line":15,"column":23},"end":{"line":31,"column":3}},"7":{"start":{"line":16,"column":4},"end":{"line":16,"column":23}},"8":{"start":{"line":17,"column":4},"end":{"line":30,"column":5}},"9":{"start":{"line":18,"column":23},"end":{"line":20,"column":8}},"10":{"start":{"line":21,"column":6},"end":{"line":26,"column":7}},"11":{"start":{"line":22,"column":8},"end":{"line":22,"column":25}},"12":{"start":{"line":23,"column":8},"end":{"line":23,"column":44}},"13":{"start":{"line":25,"column":8},"end":{"line":25,"column":34}},"14":{"start":{"line":28,"column":6},"end":{"line":28,"column":25}},"15":{"start":{"line":29,"column":6},"end":{"line":29,"column":56}},"16":{"start":{"line":34,"column":25},"end":{"line":46,"column":3}},"17":{"start":{"line":35,"column":4},"end":{"line":45,"column":5}},"18":{"start":{"line":36,"column":23},"end":{"line":36,"column":71}},"19":{"start":{"line":37,"column":6},"end":{"line":41,"column":7}},"20":{"start":{"line":38,"column":8},"end":{"line":38,"column":37}},"21":{"start":{"line":40,"column":8},"end":{"line":40,"column":34}},"22":{"start":{"line":43,"column":6},"end":{"line":43,"column":25}},"23":{"start":{"line":44,"column":6},"end":{"line":44,"column":68}},"24":{"start":{"line":48,"column":2},"end":{"line":50,"column":9}},"25":{"start":{"line":49,"column":4},"end":{"line":49,"column":21}},"26":{"start":{"line":53,"column":23},"end":{"line":69,"column":3}},"27":{"start":{"line":54,"column":4},"end":{"line":54,"column":23}},"28":{"start":{"line":55,"column":4},"end":{"line":68,"column":5}},"29":{"start":{"line":56,"column":23},"end":{"line":56,"column":113}},"30":{"start":{"line":57,"column":6},"end":{"line":65,"column":7}},"31":{"start":{"line":58,"column":8},"end":{"line":58,"column":51}},"32":{"start":{"line":59,"column":8},"end":{"line":59,"column":26}},"33":{"start":{"line":60,"column":8},"end":{"line":60,"column":27}},"34":{"start":{"line":61,"column":8},"end":{"line":61,"column":26}},"35":{"start":{"line":62,"column":8},"end":{"line":62,"column":25}},"36":{"start":{"line":64,"column":8},"end":{"line":64,"column":34}},"37":{"start":{"line":67,"column":6},"end":{"line":67,"column":42}},"38":{"start":{"line":71,"column":23},"end":{"line":84,"column":3}},"39":{"start":{"line":72,"column":4},"end":{"line":83,"column":5}},"40":{"start":{"line":73,"column":23},"end":{"line":73,"column":84}},"41":{"start":{"line":74,"column":6},"end":{"line":80,"column":7}},"42":{"start":{"line":75,"column":8},"end":{"line":75,"column":45}},"43":{"start":{"line":77,"column":8},"end":{"line":77,"column":25}},"44":{"start":{"line":79,"column":8},"end":{"line":79,"column":34}},"45":{"start":{"line":82,"column":6},"end":{"line":82,"column":42}},"46":{"start":{"line":85,"column":2},"end":{"line":143,"column":4}},"47":{"start":{"line":107,"column":20},"end":{"line":131,"column":37}},"48":{"start":{"line":114,"column":30},"end":{"line":114,"column":47}},"49":{"start":{"line":115,"column":30},"end":{"line":115,"column":53}},"50":{"start":{"line":116,"column":30},"end":{"line":116,"column":45}},"51":{"start":{"line":124,"column":30},"end":{"line":124,"column":50}},"52":{"start":{"line":136,"column":35},"end":{"line":136,"column":52}}},"fnMap":{"0":{"name":"(anonymous_0)","decl":{"start":{"line":8,"column":23},"end":{"line":8,"column":24}},"loc":{"start":{"line":8,"column":29},"end":{"line":144,"column":1}},"line":8},"1":{"name":"(anonymous_1)","decl":{"start":{"line":15,"column":23},"end":{"line":15,"column":24}},"loc":{"start":{"line":15,"column":36},"end":{"line":31,"column":3}},"line":15},"2":{"name":"(anonymous_2)","decl":{"start":{"line":34,"column":25},"end":{"line":34,"column":26}},"loc":{"start":{"line":34,"column":37},"end":{"line":46,"column":3}},"line":34},"3":{"name":"(anonymous_3)","decl":{"start":{"line":48,"column":12},"end":{"line":48,"column":13}},"loc":{"start":{"line":48,"column":18},"end":{"line":50,"column":3}},"line":48},"4":{"name":"(anonymous_4)","decl":{"start":{"line":53,"column":23},"end":{"line":53,"column":24}},"loc":{"start":{"line":53,"column":36},"end":{"line":69,"column":3}},"line":53},"5":{"name":"(anonymous_5)","decl":{"start":{"line":71,"column":23},"end":{"line":71,"column":24}},"loc":{"start":{"line":71,"column":38},"end":{"line":84,"column":3}},"line":71},"6":{"name":"(anonymous_6)","decl":{"start":{"line":106,"column":35},"end":{"line":106,"column":36}},"loc":{"start":{"line":107,"column":20},"end":{"line":131,"column":37}},"line":107},"7":{"name":"(anonymous_7)","decl":{"start":{"line":113,"column":37},"end":{"line":113,"column":38}},"loc":{"start":{"line":113,"column":43},"end":{"line":117,"column":29}},"line":113},"8":{"name":"(anonymous_8)","decl":{"start":{"line":123,"column":37},"end":{"line":123,"column":38}},"loc":{"start":{"line":123,"column":43},"end":{"line":125,"column":29}},"line":123},"9":{"name":"(anonymous_9)","decl":{"start":{"line":136,"column":29},"end":{"line":136,"column":30}},"loc":{"start":{"line":136,"column":35},"end":{"line":136,"column":52}},"line":136}},"branchMap":{"0":{"loc":{"start":{"line":21,"column":6},"end":{"line":26,"column":7}},"type":"if","locations":[{"start":{"line":21,"column":6},"end":{"line":26,"column":7}},{"start":{"line":24,"column":13},"end":{"line":26,"column":7}}],"line":21},"1":{"loc":{"start":{"line":37,"column":6},"end":{"line":41,"column":7}},"type":"if","locations":[{"start":{"line":37,"column":6},"end":{"line":41,"column":7}},{"start":{"line":39,"column":13},"end":{"line":41,"column":7}}],"line":37},"2":{"loc":{"start":{"line":57,"column":6},"end":{"line":65,"column":7}},"type":"if","locations":[{"start":{"line":57,"column":6},"end":{"line":65,"column":7}},{"start":{"line":63,"column":13},"end":{"line":65,"column":7}}],"line":57},"3":{"loc":{"start":{"line":74,"column":6},"end":{"line":80,"column":7}},"type":"if","locations":[{"start":{"line":74,"column":6},"end":{"line":80,"column":7}},{"start":{"line":78,"column":13},"end":{"line":80,"column":7}}],"line":74}},"s":{"0":1,"1":26,"2":26,"3":26,"4":26,"5":26,"6":26,"7":3,"8":3,"9":3,"10":2,"11":1,"12":1,"13":1,"14":1,"15":1,"16":26,"17":16,"18":16,"19":8,"20":7,"21":1,"22":8,"23":8,"24":26,"25":13,"26":26,"27":3,"28":3,"29":3,"30":2,"31":1,"32":1,"33":1,"34":1,"35":1,"36":1,"37":1,"38":26,"39":3,"40":3,"41":2,"42":1,"43":1,"44":1,"45":1,"46":26,"47":10,"48":3,"49":3,"50":3,"51":3,"52":0},"f":{"0":26,"1":3,"2":16,"3":13,"4":3,"5":3,"6":10,"7":3,"8":3,"9":0},"b":{"0":[1,1],"1":[7,1],"2":[1,1],"3":[1,1]},"_coverageSchema":"1a1c01bbd47fc00a2c39e90264f33305004495a9","hash":"1911b5263cda2053c18d1f257aea61ad9a92dcc1"}
,"/Users/kenne/Documents/University/CS4218/cs4218-2420-ecom-project-team22/client/src/pages/admin/CreateProduct.js": {"path":"/Users/kenne/Documents/University/CS4218/cs4218-2420-ecom-project-team22/client/src/pages/admin/CreateProduct.js","statementMap":{"0":{"start":{"line":8,"column":19},"end":{"line":8,"column":25}},"1":{"start":{"line":10,"column":22},"end":{"line":178,"column":1}},"2":{"start":{"line":11,"column":19},"end":{"line":11,"column":32}},"3":{"start":{"line":12,"column":38},"end":{"line":12,"column":50}},"4":{"start":{"line":13,"column":26},"end":{"line":13,"column":38}},"5":{"start":{"line":14,"column":40},"end":{"line":14,"column":52}},"6":{"start":{"line":15,"column":28},"end":{"line":15,"column":40}},"7":{"start":{"line":16,"column":34},"end":{"line":16,"column":46}},"8":{"start":{"line":17,"column":34},"end":{"line":17,"column":46}},"9":{"start":{"line":18,"column":34},"end":{"line":18,"column":46}},"10":{"start":{"line":19,"column":28},"end":{"line":19,"column":40}},"11":{"start":{"line":22,"column":25},"end":{"line":34,"column":3}},"12":{"start":{"line":23,"column":4},"end":{"line":33,"column":5}},"13":{"start":{"line":24,"column":23},"end":{"line":24,"column":71}},"14":{"start":{"line":25,"column":6},"end":{"line":29,"column":7}},"15":{"start":{"line":26,"column":8},"end":{"line":26,"column":37}},"16":{"start":{"line":28,"column":8},"end":{"line":28,"column":34}},"17":{"start":{"line":31,"column":6},"end":{"line":31,"column":25}},"18":{"start":{"line":32,"column":6},"end":{"line":32,"column":63}},"19":{"start":{"line":36,"column":2},"end":{"line":38,"column":9}},"20":{"start":{"line":37,"column":4},"end":{"line":37,"column":21}},"21":{"start":{"line":41,"column":23},"end":{"line":62,"column":3}},"22":{"start":{"line":42,"column":4},"end":{"line":42,"column":23}},"23":{"start":{"line":43,"column":4},"end":{"line":61,"column":5}},"24":{"start":{"line":44,"column":26},"end":{"line":44,"column":40}},"25":{"start":{"line":45,"column":6},"end":{"line":45,"column":39}},"26":{"start":{"line":46,"column":6},"end":{"line":46,"column":53}},"27":{"start":{"line":47,"column":6},"end":{"line":47,"column":41}},"28":{"start":{"line":48,"column":6},"end":{"line":48,"column":47}},"29":{"start":{"line":49,"column":6},"end":{"line":49,"column":41}},"30":{"start":{"line":50,"column":6},"end":{"line":50,"column":47}},"31":{"start":{"line":51,"column":23},"end":{"line":51,"column":86}},"32":{"start":{"line":52,"column":6},"end":{"line":57,"column":7}},"33":{"start":{"line":53,"column":8},"end":{"line":53,"column":54}},"34":{"start":{"line":54,"column":8},"end":{"line":54,"column":46}},"35":{"start":{"line":56,"column":8},"end":{"line":56,"column":34}},"36":{"start":{"line":59,"column":6},"end":{"line":59,"column":25}},"37":{"start":{"line":60,"column":6},"end":{"line":60,"column":42}},"38":{"start":{"line":64,"column":2},"end":{"line":177,"column":4}},"39":{"start":{"line":81,"column":18},"end":{"line":81,"column":37}},"40":{"start":{"line":86,"column":18},"end":{"line":88,"column":27}},"41":{"start":{"line":98,"column":37},"end":{"line":98,"column":64}},"42":{"start":{"line":121,"column":35},"end":{"line":121,"column":58}},"43":{"start":{"line":130,"column":35},"end":{"line":130,"column":65}},"44":{"start":{"line":140,"column":35},"end":{"line":140,"column":59}},"45":{"start":{"line":149,"column":35},"end":{"line":149,"column":62}},"46":{"start":{"line":160,"column":20},"end":{"line":160,"column":39}}},"fnMap":{"0":{"name":"(anonymous_0)","decl":{"start":{"line":10,"column":22},"end":{"line":10,"column":23}},"loc":{"start":{"line":10,"column":28},"end":{"line":178,"column":1}},"line":10},"1":{"name":"(anonymous_1)","decl":{"start":{"line":22,"column":25},"end":{"line":22,"column":26}},"loc":{"start":{"line":22,"column":37},"end":{"line":34,"column":3}},"line":22},"2":{"name":"(anonymous_2)","decl":{"start":{"line":36,"column":12},"end":{"line":36,"column":13}},"loc":{"start":{"line":36,"column":18},"end":{"line":38,"column":3}},"line":36},"3":{"name":"(anonymous_3)","decl":{"start":{"line":41,"column":23},"end":{"line":41,"column":24}},"loc":{"start":{"line":41,"column":36},"end":{"line":62,"column":3}},"line":41},"4":{"name":"(anonymous_4)","decl":{"start":{"line":80,"column":26},"end":{"line":80,"column":27}},"loc":{"start":{"line":80,"column":37},"end":{"line":82,"column":17}},"line":80},"5":{"name":"(anonymous_5)","decl":{"start":{"line":85,"column":33},"end":{"line":85,"column":34}},"loc":{"start":{"line":86,"column":18},"end":{"line":88,"column":27}},"line":86},"6":{"name":"(anonymous_6)","decl":{"start":{"line":98,"column":30},"end":{"line":98,"column":31}},"loc":{"start":{"line":98,"column":37},"end":{"line":98,"column":64}},"line":98},"7":{"name":"(anonymous_7)","decl":{"start":{"line":121,"column":28},"end":{"line":121,"column":29}},"loc":{"start":{"line":121,"column":35},"end":{"line":121,"column":58}},"line":121},"8":{"name":"(anonymous_8)","decl":{"start":{"line":130,"column":28},"end":{"line":130,"column":29}},"loc":{"start":{"line":130,"column":35},"end":{"line":130,"column":65}},"line":130},"9":{"name":"(anonymous_9)","decl":{"start":{"line":140,"column":28},"end":{"line":140,"column":29}},"loc":{"start":{"line":140,"column":35},"end":{"line":140,"column":59}},"line":140},"10":{"name":"(anonymous_10)","decl":{"start":{"line":149,"column":28},"end":{"line":149,"column":29}},"loc":{"start":{"line":149,"column":35},"end":{"line":149,"column":62}},"line":149},"11":{"name":"(anonymous_11)","decl":{"start":{"line":159,"column":28},"end":{"line":159,"column":29}},"loc":{"start":{"line":159,"column":39},"end":{"line":161,"column":19}},"line":159}},"branchMap":{"0":{"loc":{"start":{"line":25,"column":6},"end":{"line":29,"column":7}},"type":"if","locations":[{"start":{"line":25,"column":6},"end":{"line":29,"column":7}},{"start":{"line":27,"column":13},"end":{"line":29,"column":7}}],"line":25},"1":{"loc":{"start":{"line":52,"column":6},"end":{"line":57,"column":7}},"type":"if","locations":[{"start":{"line":52,"column":6},"end":{"line":57,"column":7}},{"start":{"line":55,"column":13},"end":{"line":57,"column":7}}],"line":52},"2":{"loc":{"start":{"line":93,"column":19},"end":{"line":93,"column":54}},"type":"cond-expr","locations":[{"start":{"line":93,"column":27},"end":{"line":93,"column":37}},{"start":{"line":93,"column":40},"end":{"line":93,"column":54}}],"line":93},"3":{"loc":{"start":{"line":104,"column":17},"end":{"line":113,"column":17}},"type":"binary-expr","locations":[{"start":{"line":104,"column":17},"end":{"line":104,"column":22}},{"start":{"line":105,"column":18},"end":{"line":112,"column":24}}],"line":104}},"s":{"0":1,"1":1,"2":13,"3":13,"4":12,"5":12,"6":12,"7":12,"8":12,"9":12,"10":12,"11":12,"12":8,"13":8,"14":3,"15":2,"16":1,"17":5,"18":5,"19":12,"20":8,"21":12,"22":3,"23":3,"24":3,"25":3,"26":3,"27":3,"28":3,"29":3,"30":3,"31":3,"32":2,"33":1,"34":1,"35":1,"36":1,"37":1,"38":12,"39":0,"40":0,"41":0,"42":1,"43":1,"44":1,"45":1,"46":0},"f":{"0":13,"1":8,"2":8,"3":3,"4":0,"5":0,"6":0,"7":1,"8":1,"9":1,"10":1,"11":0},"b":{"0":[2,1],"1":[1,1],"2":[0,12],"3":[12,0]},"_coverageSchema":"1a1c01bbd47fc00a2c39e90264f33305004495a9","hash":"f526aa5e263fe7cc856a85b926840104c0686a3c"}
,"/Users/kenne/Documents/University/CS4218/cs4218-2420-ecom-project-team22/client/src/pages/admin/Products.js": {"path":"/Users/kenne/Documents/University/CS4218/cs4218-2420-ecom-project-team22/client/src/pages/admin/Products.js","statementMap":{"0":{"start":{"line":7,"column":17},"end":{"line":50,"column":1}},"1":{"start":{"line":8,"column":34},"end":{"line":8,"column":46}},"2":{"start":{"line":11,"column":25},"end":{"line":19,"column":3}},"3":{"start":{"line":12,"column":4},"end":{"line":18,"column":5}},"4":{"start":{"line":13,"column":23},"end":{"line":13,"column":69}},"5":{"start":{"line":14,"column":6},"end":{"line":14,"column":33}},"6":{"start":{"line":16,"column":6},"end":{"line":16,"column":25}},"7":{"start":{"line":17,"column":6},"end":{"line":17,"column":43}},"8":{"start":{"line":22,"column":2},"end":{"line":24,"column":9}},"9":{"start":{"line":23,"column":4},"end":{"line":23,"column":21}},"10":{"start":{"line":25,"column":2},"end":{"line":49,"column":4}},"11":{"start":{"line":35,"column":14},"end":{"line":43,"column":21}}},"fnMap":{"0":{"name":"(anonymous_0)","decl":{"start":{"line":7,"column":17},"end":{"line":7,"column":18}},"loc":{"start":{"line":7,"column":23},"end":{"line":50,"column":1}},"line":7},"1":{"name":"(anonymous_1)","decl":{"start":{"line":11,"column":25},"end":{"line":11,"column":26}},"loc":{"start":{"line":11,"column":37},"end":{"line":19,"column":3}},"line":11},"2":{"name":"(anonymous_2)","decl":{"start":{"line":22,"column":12},"end":{"line":22,"column":13}},"loc":{"start":{"line":22,"column":18},"end":{"line":24,"column":3}},"line":22},"3":{"name":"(anonymous_3)","decl":{"start":{"line":34,"column":27},"end":{"line":34,"column":28}},"loc":{"start":{"line":35,"column":14},"end":{"line":43,"column":21}},"line":35}},"branchMap":{},"s":{"0":0,"1":0,"2":0,"3":0,"4":0,"5":0,"6":0,"7":0,"8":0,"9":0,"10":0,"11":0},"f":{"0":0,"1":0,"2":0,"3":0},"b":{}}
,"/Users/kenne/Documents/University/CS4218/cs4218-2420-ecom-project-team22/client/src/pages/admin/UpdateProduct.js": {"path":"/Users/kenne/Documents/University/CS4218/cs4218-2420-ecom-project-team22/client/src/pages/admin/UpdateProduct.js","statementMap":{"0":{"start":{"line":8,"column":19},"end":{"line":8,"column":25}},"1":{"start":{"line":10,"column":22},"end":{"line":233,"column":1}},"2":{"start":{"line":11,"column":19},"end":{"line":11,"column":32}},"3":{"start":{"line":12,"column":17},"end":{"line":12,"column":28}},"4":{"start":{"line":13,"column":38},"end":{"line":13,"column":50}},"5":{"start":{"line":14,"column":26},"end":{"line":14,"column":38}},"6":{"start":{"line":15,"column":40},"end":{"line":15,"column":52}},"7":{"start":{"line":16,"column":28},"end":{"line":16,"column":40}},"8":{"start":{"line":17,"column":34},"end":{"line":17,"column":46}},"9":{"start":{"line":18,"column":34},"end":{"line":18,"column":46}},"10":{"start":{"line":19,"column":34},"end":{"line":19,"column":46}},"11":{"start":{"line":20,"column":28},"end":{"line":20,"column":40}},"12":{"start":{"line":21,"column":22},"end":{"line":21,"column":34}},"13":{"start":{"line":24,"column":27},"end":{"line":39,"column":3}},"14":{"start":{"line":25,"column":4},"end":{"line":38,"column":5}},"15":{"start":{"line":26,"column":23},"end":{"line":26,"column":84}},"16":{"start":{"line":27,"column":6},"end":{"line":27,"column":62}},"17":{"start":{"line":27,"column":25},"end":{"line":27,"column":62}},"18":{"start":{"line":28,"column":6},"end":{"line":28,"column":33}},"19":{"start":{"line":29,"column":6},"end":{"line":29,"column":30}},"20":{"start":{"line":30,"column":6},"end":{"line":30,"column":47}},"21":{"start":{"line":31,"column":6},"end":{"line":31,"column":35}},"22":{"start":{"line":32,"column":6},"end":{"line":32,"column":35}},"23":{"start":{"line":33,"column":6},"end":{"line":33,"column":41}},"24":{"start":{"line":34,"column":6},"end":{"line":34,"column":41}},"25":{"start":{"line":35,"column":6},"end":{"line":35,"column":45}},"26":{"start":{"line":37,"column":6},"end":{"line":37,"column":25}},"27":{"start":{"line":40,"column":2},"end":{"line":42,"column":9}},"28":{"start":{"line":41,"column":4},"end":{"line":41,"column":23}},"29":{"start":{"line":45,"column":25},"end":{"line":57,"column":3}},"30":{"start":{"line":46,"column":4},"end":{"line":56,"column":5}},"31":{"start":{"line":47,"column":23},"end":{"line":47,"column":71}},"32":{"start":{"line":48,"column":6},"end":{"line":52,"column":7}},"33":{"start":{"line":49,"column":8},"end":{"line":49,"column":37}},"34":{"start":{"line":51,"column":8},"end":{"line":51,"column":34}},"35":{"start":{"line":54,"column":6},"end":{"line":54,"column":25}},"36":{"start":{"line":55,"column":6},"end":{"line":55,"column":63}},"37":{"start":{"line":59,"column":2},"end":{"line":61,"column":9}},"38":{"start":{"line":60,"column":4},"end":{"line":60,"column":21}},"39":{"start":{"line":64,"column":23},"end":{"line":85,"column":3}},"40":{"start":{"line":65,"column":4},"end":{"line":65,"column":23}},"41":{"start":{"line":66,"column":4},"end":{"line":84,"column":5}},"42":{"start":{"line":67,"column":26},"end":{"line":67,"column":40}},"43":{"start":{"line":68,"column":6},"end":{"line":68,"column":39}},"44":{"start":{"line":69,"column":6},"end":{"line":69,"column":53}},"45":{"start":{"line":70,"column":6},"end":{"line":70,"column":41}},"46":{"start":{"line":71,"column":6},"end":{"line":71,"column":47}},"47":{"start":{"line":72,"column":6},"end":{"line":72,"column":50}},"48":{"start":{"line":73,"column":6},"end":{"line":73,"column":47}},"49":{"start":{"line":74,"column":23},"end":{"line":74,"column":85}},"50":{"start":{"line":75,"column":6},"end":{"line":80,"column":7}},"51":{"start":{"line":76,"column":8},"end":{"line":76,"column":54}},"52":{"start":{"line":77,"column":8},"end":{"line":77,"column":46}},"53":{"start":{"line":79,"column":8},"end":{"line":79,"column":34}},"54":{"start":{"line":82,"column":6},"end":{"line":82,"column":25}},"55":{"start":{"line":83,"column":6},"end":{"line":83,"column":42}},"56":{"start":{"line":88,"column":23},"end":{"line":103,"column":3}},"57":{"start":{"line":89,"column":4},"end":{"line":102,"column":5}},"58":{"start":{"line":90,"column":19},"end":{"line":90,"column":81}},"59":{"start":{"line":91,"column":6},"end":{"line":91,"column":26}},"60":{"start":{"line":91,"column":19},"end":{"line":91,"column":26}},"61":{"start":{"line":92,"column":23},"end":{"line":92,"column":81}},"62":{"start":{"line":93,"column":6},"end":{"line":98,"column":7}},"63":{"start":{"line":94,"column":8},"end":{"line":94,"column":54}},"64":{"start":{"line":95,"column":8},"end":{"line":95,"column":46}},"65":{"start":{"line":97,"column":8},"end":{"line":97,"column":34}},"66":{"start":{"line":100,"column":6},"end":{"line":100,"column":25}},"67":{"start":{"line":101,"column":6},"end":{"line":101,"column":42}},"68":{"start":{"line":104,"column":2},"end":{"line":232,"column":4}},"69":{"start":{"line":121,"column":18},"end":{"line":121,"column":37}},"70":{"start":{"line":126,"column":18},"end":{"line":128,"column":27}},"71":{"start":{"line":138,"column":37},"end":{"line":138,"column":64}},"72":{"start":{"line":170,"column":35},"end":{"line":170,"column":58}},"73":{"start":{"line":179,"column":35},"end":{"line":179,"column":65}},"74":{"start":{"line":189,"column":35},"end":{"line":189,"column":59}},"75":{"start":{"line":198,"column":35},"end":{"line":198,"column":62}},"76":{"start":{"line":209,"column":20},"end":{"line":209,"column":39}}},"fnMap":{"0":{"name":"(anonymous_0)","decl":{"start":{"line":10,"column":22},"end":{"line":10,"column":23}},"loc":{"start":{"line":10,"column":28},"end":{"line":233,"column":1}},"line":10},"1":{"name":"(anonymous_1)","decl":{"start":{"line":24,"column":27},"end":{"line":24,"column":28}},"loc":{"start":{"line":24,"column":39},"end":{"line":39,"column":3}},"line":24},"2":{"name":"(anonymous_2)","decl":{"start":{"line":40,"column":12},"end":{"line":40,"column":13}},"loc":{"start":{"line":40,"column":18},"end":{"line":42,"column":3}},"line":40},"3":{"name":"(anonymous_3)","decl":{"start":{"line":45,"column":25},"end":{"line":45,"column":26}},"loc":{"start":{"line":45,"column":37},"end":{"line":57,"column":3}},"line":45},"4":{"name":"(anonymous_4)","decl":{"start":{"line":59,"column":12},"end":{"line":59,"column":13}},"loc":{"start":{"line":59,"column":18},"end":{"line":61,"column":3}},"line":59},"5":{"name":"(anonymous_5)","decl":{"start":{"line":64,"column":23},"end":{"line":64,"column":24}},"loc":{"start":{"line":64,"column":36},"end":{"line":85,"column":3}},"line":64},"6":{"name":"(anonymous_6)","decl":{"start":{"line":88,"column":23},"end":{"line":88,"column":24}},"loc":{"start":{"line":88,"column":35},"end":{"line":103,"column":3}},"line":88},"7":{"name":"(anonymous_7)","decl":{"start":{"line":120,"column":26},"end":{"line":120,"column":27}},"loc":{"start":{"line":120,"column":37},"end":{"line":122,"column":17}},"line":120},"8":{"name":"(anonymous_8)","decl":{"start":{"line":125,"column":33},"end":{"line":125,"column":34}},"loc":{"start":{"line":126,"column":18},"end":{"line":128,"column":27}},"line":126},"9":{"name":"(anonymous_9)","decl":{"start":{"line":138,"column":30},"end":{"line":138,"column":31}},"loc":{"start":{"line":138,"column":37},"end":{"line":138,"column":64}},"line":138},"10":{"name":"(anonymous_10)","decl":{"start":{"line":170,"column":28},"end":{"line":170,"column":29}},"loc":{"start":{"line":170,"column":35},"end":{"line":170,"column":58}},"line":170},"11":{"name":"(anonymous_11)","decl":{"start":{"line":179,"column":28},"end":{"line":179,"column":29}},"loc":{"start":{"line":179,"column":35},"end":{"line":179,"column":65}},"line":179},"12":{"name":"(anonymous_12)","decl":{"start":{"line":189,"column":28},"end":{"line":189,"column":29}},"loc":{"start":{"line":189,"column":35},"end":{"line":189,"column":59}},"line":189},"13":{"name":"(anonymous_13)","decl":{"start":{"line":198,"column":28},"end":{"line":198,"column":29}},"loc":{"start":{"line":198,"column":35},"end":{"line":198,"column":62}},"line":198},"14":{"name":"(anonymous_14)","decl":{"start":{"line":208,"column":28},"end":{"line":208,"column":29}},"loc":{"start":{"line":208,"column":39},"end":{"line":210,"column":19}},"line":208}},"branchMap":{"0":{"loc":{"start":{"line":27,"column":6},"end":{"line":27,"column":62}},"type":"if","locations":[{"start":{"line":27,"column":6},"end":{"line":27,"column":62}},{"start":{},"end":{}}],"line":27},"1":{"loc":{"start":{"line":48,"column":6},"end":{"line":52,"column":7}},"type":"if","locations":[{"start":{"line":48,"column":6},"end":{"line":52,"column":7}},{"start":{"line":50,"column":13},"end":{"line":52,"column":7}}],"line":48},"2":{"loc":{"start":{"line":72,"column":6},"end":{"line":72,"column":49}},"type":"binary-expr","locations":[{"start":{"line":72,"column":6},"end":{"line":72,"column":11}},{"start":{"line":72,"column":15},"end":{"line":72,"column":49}}],"line":72},"3":{"loc":{"start":{"line":75,"column":6},"end":{"line":80,"column":7}},"type":"if","locations":[{"start":{"line":75,"column":6},"end":{"line":80,"column":7}},{"start":{"line":78,"column":13},"end":{"line":80,"column":7}}],"line":75},"4":{"loc":{"start":{"line":91,"column":6},"end":{"line":91,"column":26}},"type":"if","locations":[{"start":{"line":91,"column":6},"end":{"line":91,"column":26}},{"start":{},"end":{}}],"line":91},"5":{"loc":{"start":{"line":93,"column":6},"end":{"line":98,"column":7}},"type":"if","locations":[{"start":{"line":93,"column":6},"end":{"line":98,"column":7}},{"start":{"line":96,"column":13},"end":{"line":98,"column":7}}],"line":93},"6":{"loc":{"start":{"line":133,"column":19},"end":{"line":133,"column":54}},"type":"cond-expr","locations":[{"start":{"line":133,"column":27},"end":{"line":133,"column":37}},{"start":{"line":133,"column":40},"end":{"line":133,"column":54}}],"line":133},"7":{"loc":{"start":{"line":144,"column":17},"end":{"line":162,"column":17}},"type":"cond-expr","locations":[{"start":{"line":145,"column":18},"end":{"line":152,"column":24}},{"start":{"line":154,"column":18},"end":{"line":161,"column":24}}],"line":144},"8":{"loc":{"start":{"line":211,"column":25},"end":{"line":211,"column":48}},"type":"cond-expr","locations":[{"start":{"line":211,"column":36},"end":{"line":211,"column":41}},{"start":{"line":211,"column":44},"end":{"line":211,"column":48}}],"line":211}},"s":{"0":0,"1":0,"2":0,"3":0,"4":0,"5":0,"6":0,"7":0,"8":0,"9":0,"10":0,"11":0,"12":0,"13":0,"14":0,"15":0,"16":0,"17":0,"18":0,"19":0,"20":0,"21":0,"22":0,"23":0,"24":0,"25":0,"26":0,"27":0,"28":0,"29":0,"30":0,"31":0,"32":0,"33":0,"34":0,"35":0,"36":0,"37":0,"38":0,"39":0,"40":0,"41":0,"42":0,"43":0,"44":0,"45":0,"46":0,"47":0,"48":0,"49":0,"50":0,"51":0,"52":0,"53":0,"54":0,"55":0,"56":0,"57":0,"58":0,"59":0,"60":0,"61":0,"62":0,"63":0,"64":0,"65":0,"66":0,"67":0,"68":0,"69":0,"70":0,"71":0,"72":0,"73":0,"74":0,"75":0,"76":0},"f":{"0":0,"1":0,"2":0,"3":0,"4":0,"5":0,"6":0,"7":0,"8":0,"9":0,"10":0,"11":0,"12":0,"13":0,"14":0},"b":{"0":[0,0],"1":[0,0],"2":[0,0],"3":[0,0],"4":[0,0],"5":[0,0],"6":[0,0],"7":[0,0],"8":[0,0]}}
,"/Users/kenne/Documents/University/CS4218/cs4218-2420-ecom-project-team22/client/src/pages/admin/Users.js": {"path":"/Users/kenne/Documents/University/CS4218/cs4218-2420-ecom-project-team22/client/src/pages/admin/Users.js","statementMap":{"0":{"start":{"line":5,"column":14},"end":{"line":20,"column":1}},"1":{"start":{"line":6,"column":2},"end":{"line":19,"column":4}}},"fnMap":{"0":{"name":"(anonymous_0)","decl":{"start":{"line":5,"column":14},"end":{"line":5,"column":15}},"loc":{"start":{"line":5,"column":20},"end":{"line":20,"column":1}},"line":5}},"branchMap":{},"s":{"0":0,"1":0},"f":{"0":0},"b":{}}
}
