TN:
SF:controllers/productController.js
FN:20,(anonymous_0)
FN:62,(anonymous_1)
FN:86,(anonymous_2)
FN:105,(anonymous_3)
FN:123,(anonymous_4)
FN:141,(anonymous_5)
FN:187,(anonymous_6)
FN:209,(anonymous_7)
FN:227,(anonymous_8)
FN:252,(anonymous_9)
FN:272,(anonymous_10)
FN:298,(anonymous_11)
FN:319,(anonymous_12)
FN:321,(anonymous_13)
FN:334,(anonymous_14)
FN:338,(anonymous_15)
FN:349,(anonymous_16)
FNF:17
FNH:17
FNDA:8,(anonymous_0)
FNDA:2,(anonymous_1)
FNDA:2,(anonymous_2)
FNDA:2,(anonymous_3)
FNDA:2,(anonymous_4)
FNDA:9,(anonymous_5)
FNDA:8,(anonymous_6)
FNDA:3,(anonymous_7)
FNDA:3,(anonymous_8)
FNDA:7,(anonymous_9)
FNDA:2,(anonymous_10)
FNDA:3,(anonymous_11)
FNDA:3,(anonymous_12)
FNDA:2,(anonymous_13)
FNDA:3,(anonymous_14)
FNDA:3,(anonymous_15)
FNDA:2,(anonymous_16)
DA:10,2
DA:13,2
DA:20,2
DA:21,8
DA:22,8
DA:23,8
DA:25,8
DA:27,1
DA:29,1
DA:31,1
DA:33,1
DA:35,1
DA:37,1
DA:40,2
DA:41,1
DA:42,1
DA:43,1
DA:45,1
DA:46,1
DA:52,1
DA:53,1
DA:62,2
DA:63,2
DA:64,2
DA:70,1
DA:77,1
DA:78,1
DA:86,2
DA:87,2
DA:88,2
DA:89,1
DA:95,1
DA:96,1
DA:105,2
DA:106,2
DA:107,2
DA:108,1
DA:109,1
DA:110,1
DA:113,1
DA:114,1
DA:123,2
DA:124,2
DA:125,2
DA:126,1
DA:131,1
DA:132,1
DA:141,2
DA:142,9
DA:143,9
DA:144,9
DA:146,9
DA:148,1
DA:150,1
DA:152,1
DA:154,1
DA:156,1
DA:158,1
DA:161,3
DA:166,2
DA:167,1
DA:168,1
DA:170,2
DA:171,2
DA:177,1
DA:178,1
DA:187,2
DA:188,8
DA:189,8
DA:190,8
DA:191,8
DA:192,8
DA:193,8
DA:194,7
DA:199,1
DA:200,1
DA:209,2
DA:210,3
DA:211,3
DA:212,2
DA:217,1
DA:218,1
DA:227,2
DA:228,3
DA:229,3
DA:230,3
DA:231,2
DA:237,2
DA:242,1
DA:243,1
DA:252,2
DA:253,7
DA:254,7
DA:255,6
DA:260,6
DA:262,1
DA:263,1
DA:272,2
DA:273,2
DA:274,2
DA:275,1
DA:283,1
DA:288,1
DA:289,1
DA:298,2
DA:299,3
DA:300,3
DA:301,1
DA:302,1
DA:308,2
DA:309,2
DA:319,2
DA:320,3
DA:321,3
DA:322,2
DA:323,1
DA:325,1
DA:329,1
DA:334,2
DA:335,3
DA:336,3
DA:337,2
DA:338,2
DA:339,3
DA:341,2
DA:350,2
DA:351,1
DA:356,1
DA:358,1
DA:363,1
LF:130
LH:130
BRDA:25,0,0,1
BRDA:25,0,1,1
BRDA:25,0,2,1
BRDA:25,0,3,1
BRDA:25,0,4,1
BRDA:25,0,5,1
BRDA:36,1,0,3
BRDA:36,1,1,3
BRDA:41,2,0,1
BRDA:41,2,1,0
BRDA:108,3,0,1
BRDA:108,3,1,0
BRDA:146,4,0,1
BRDA:146,4,1,1
BRDA:146,4,2,1
BRDA:146,4,3,1
BRDA:146,4,4,1
BRDA:146,4,5,1
BRDA:157,5,0,4
BRDA:157,5,1,2
BRDA:166,6,0,1
BRDA:166,6,1,1
BRDA:191,7,0,4
BRDA:191,7,1,4
BRDA:192,8,0,5
BRDA:192,8,1,3
BRDA:230,9,0,2
BRDA:230,9,1,0
BRDA:322,10,0,1
BRDA:322,10,1,1
BRDA:350,11,0,1
BRDA:350,11,1,1
BRF:32
BRH:29
end_of_record
